============================================================
  Generated by:           Genus(TM) Synthesis Solution GENUS15.20 - 15.20-p004_1
  Generated on:           May 31 2025  02:32:14 am
  Module:                 processor
  Interconnect mode:      global
  Area mode:              timing library
============================================================

                                                  
           Gate             Instances     Area                 Library             
-----------------------------------------------------------------------------------
sky130_fd_sc_hd__a2111o_1          23     258.998    sky130_fd_sc_hd__tt_025C_1v80 
sky130_fd_sc_hd__a2111o_4           2      42.541    sky130_fd_sc_hd__tt_025C_1v80 
sky130_fd_sc_hd__a2111oi_0        485    4247.824    sky130_fd_sc_hd__tt_025C_1v80 
sky130_fd_sc_hd__a211o_1           73     639.363    sky130_fd_sc_hd__tt_025C_1v80 
sky130_fd_sc_hd__a211oi_1          92     690.662    sky130_fd_sc_hd__tt_025C_1v80 
sky130_fd_sc_hd__a21bo_1           22     220.211    sky130_fd_sc_hd__tt_025C_1v80 
sky130_fd_sc_hd__a21bo_2           15     150.144    sky130_fd_sc_hd__tt_025C_1v80 
sky130_fd_sc_hd__a21bo_4            4      65.062    sky130_fd_sc_hd__tt_025C_1v80 
sky130_fd_sc_hd__a21boi_1          23     172.666    sky130_fd_sc_hd__tt_025C_1v80 
sky130_fd_sc_hd__a21boi_2           1      11.261    sky130_fd_sc_hd__tt_025C_1v80 
sky130_fd_sc_hd__a21o_1           132     990.950    sky130_fd_sc_hd__tt_025C_1v80 
sky130_fd_sc_hd__a21o_2             7      61.309    sky130_fd_sc_hd__tt_025C_1v80 
sky130_fd_sc_hd__a21oi_1          338    1691.622    sky130_fd_sc_hd__tt_025C_1v80 
sky130_fd_sc_hd__a21oi_2            3      26.275    sky130_fd_sc_hd__tt_025C_1v80 
sky130_fd_sc_hd__a221o_1         2023   20249.421    sky130_fd_sc_hd__tt_025C_1v80 
sky130_fd_sc_hd__a221o_2           12     135.130    sky130_fd_sc_hd__tt_025C_1v80 
sky130_fd_sc_hd__a221o_4            1      21.270    sky130_fd_sc_hd__tt_025C_1v80 
sky130_fd_sc_hd__a221oi_1        6492   56859.533    sky130_fd_sc_hd__tt_025C_1v80 
sky130_fd_sc_hd__a221oi_2           1      15.014    sky130_fd_sc_hd__tt_025C_1v80 
sky130_fd_sc_hd__a222oi_1        4790   47945.984    sky130_fd_sc_hd__tt_025C_1v80 
sky130_fd_sc_hd__a22o_1          4821   42224.246    sky130_fd_sc_hd__tt_025C_1v80 
sky130_fd_sc_hd__a22o_2             4      40.038    sky130_fd_sc_hd__tt_025C_1v80 
sky130_fd_sc_hd__a22oi_1         5589   41957.741    sky130_fd_sc_hd__tt_025C_1v80 
sky130_fd_sc_hd__a22oi_2            2      25.024    sky130_fd_sc_hd__tt_025C_1v80 
sky130_fd_sc_hd__a2bb2o_1           5      50.048    sky130_fd_sc_hd__tt_025C_1v80 
sky130_fd_sc_hd__a2bb2oi_1        255    2233.392    sky130_fd_sc_hd__tt_025C_1v80 
sky130_fd_sc_hd__a31o_1             5      43.792    sky130_fd_sc_hd__tt_025C_1v80 
sky130_fd_sc_hd__a31o_2             1       8.758    sky130_fd_sc_hd__tt_025C_1v80 
sky130_fd_sc_hd__a31oi_1           50     312.800    sky130_fd_sc_hd__tt_025C_1v80 
sky130_fd_sc_hd__a32o_1            14     140.134    sky130_fd_sc_hd__tt_025C_1v80 
sky130_fd_sc_hd__a32oi_1           15     131.376    sky130_fd_sc_hd__tt_025C_1v80 
sky130_fd_sc_hd__a41o_1            10     100.096    sky130_fd_sc_hd__tt_025C_1v80 
sky130_fd_sc_hd__a41oi_1          780    6831.552    sky130_fd_sc_hd__tt_025C_1v80 
sky130_fd_sc_hd__and2_0           135     844.560    sky130_fd_sc_hd__tt_025C_1v80 
sky130_fd_sc_hd__and2_1           381    2383.536    sky130_fd_sc_hd__tt_025C_1v80 
sky130_fd_sc_hd__and2_2            14     105.101    sky130_fd_sc_hd__tt_025C_1v80 
sky130_fd_sc_hd__and2_4             9      78.826    sky130_fd_sc_hd__tt_025C_1v80 
sky130_fd_sc_hd__and2b_1           54     405.389    sky130_fd_sc_hd__tt_025C_1v80 
sky130_fd_sc_hd__and2b_2           15     131.376    sky130_fd_sc_hd__tt_025C_1v80 
sky130_fd_sc_hd__and2b_4            9      90.086    sky130_fd_sc_hd__tt_025C_1v80 
sky130_fd_sc_hd__and3_1           201    1257.456    sky130_fd_sc_hd__tt_025C_1v80 
sky130_fd_sc_hd__and3_2             3      22.522    sky130_fd_sc_hd__tt_025C_1v80 
sky130_fd_sc_hd__and3b_1          126    1103.558    sky130_fd_sc_hd__tt_025C_1v80 
sky130_fd_sc_hd__and3b_2            1      10.010    sky130_fd_sc_hd__tt_025C_1v80 
sky130_fd_sc_hd__and3b_4            1      12.512    sky130_fd_sc_hd__tt_025C_1v80 
sky130_fd_sc_hd__and4_1            74     648.122    sky130_fd_sc_hd__tt_025C_1v80 
sky130_fd_sc_hd__and4b_1          178    1781.709    sky130_fd_sc_hd__tt_025C_1v80 
sky130_fd_sc_hd__and4b_2            1      11.261    sky130_fd_sc_hd__tt_025C_1v80 
sky130_fd_sc_hd__and4bb_2           1      12.512    sky130_fd_sc_hd__tt_025C_1v80 
sky130_fd_sc_hd__buf_1             46     172.666    sky130_fd_sc_hd__tt_025C_1v80 
sky130_fd_sc_hd__buf_12            19     380.365    sky130_fd_sc_hd__tt_025C_1v80 
sky130_fd_sc_hd__buf_16             4     110.106    sky130_fd_sc_hd__tt_025C_1v80 
sky130_fd_sc_hd__buf_2              6      30.029    sky130_fd_sc_hd__tt_025C_1v80 
sky130_fd_sc_hd__buf_4             17     127.622    sky130_fd_sc_hd__tt_025C_1v80 
sky130_fd_sc_hd__buf_6              8      90.086    sky130_fd_sc_hd__tt_025C_1v80 
sky130_fd_sc_hd__buf_8              2      30.029    sky130_fd_sc_hd__tt_025C_1v80 
sky130_fd_sc_hd__bufinv_16         17     510.490    sky130_fd_sc_hd__tt_025C_1v80 
sky130_fd_sc_hd__clkbuf_1           5      18.768    sky130_fd_sc_hd__tt_025C_1v80 
sky130_fd_sc_hd__clkbuf_2          69     345.331    sky130_fd_sc_hd__tt_025C_1v80 
sky130_fd_sc_hd__clkinv_1         215     807.024    sky130_fd_sc_hd__tt_025C_1v80 
sky130_fd_sc_hd__clkinv_16          7     210.202    sky130_fd_sc_hd__tt_025C_1v80 
sky130_fd_sc_hd__clkinv_2          17      85.082    sky130_fd_sc_hd__tt_025C_1v80 
sky130_fd_sc_hd__clkinv_4           3      26.275    sky130_fd_sc_hd__tt_025C_1v80 
sky130_fd_sc_hd__dfrbp_1           18     517.997    sky130_fd_sc_hd__tt_025C_1v80 
sky130_fd_sc_hd__dfrtp_1          254    6356.096    sky130_fd_sc_hd__tt_025C_1v80 
sky130_fd_sc_hd__dfsbp_1            2      57.555    sky130_fd_sc_hd__tt_025C_1v80 
sky130_fd_sc_hd__dfstp_1            1      26.275    sky130_fd_sc_hd__tt_025C_1v80 
sky130_fd_sc_hd__dfstp_2           26     683.155    sky130_fd_sc_hd__tt_025C_1v80 
sky130_fd_sc_hd__dfstp_4           16     480.461    sky130_fd_sc_hd__tt_025C_1v80 
sky130_fd_sc_hd__dfxbp_1            1      23.773    sky130_fd_sc_hd__tt_025C_1v80 
sky130_fd_sc_hd__dfxtp_1         3124   62539.978    sky130_fd_sc_hd__tt_025C_1v80 
sky130_fd_sc_hd__dfxtp_2            5     106.352    sky130_fd_sc_hd__tt_025C_1v80 
sky130_fd_sc_hd__dlxtn_1           42     630.605    sky130_fd_sc_hd__tt_025C_1v80 
sky130_fd_sc_hd__dlxtp_1         2048   30749.491    sky130_fd_sc_hd__tt_025C_1v80 
sky130_fd_sc_hd__fa_1               4      80.077    sky130_fd_sc_hd__tt_025C_1v80 
sky130_fd_sc_hd__fah_1              2      67.565    sky130_fd_sc_hd__tt_025C_1v80 
sky130_fd_sc_hd__fahcin_1           3     101.347    sky130_fd_sc_hd__tt_025C_1v80 
sky130_fd_sc_hd__ha_1             210    2627.520    sky130_fd_sc_hd__tt_025C_1v80 
sky130_fd_sc_hd__ha_4               1      25.024    sky130_fd_sc_hd__tt_025C_1v80 
sky130_fd_sc_hd__inv_1            300    1126.080    sky130_fd_sc_hd__tt_025C_1v80 
sky130_fd_sc_hd__inv_12            18     292.781    sky130_fd_sc_hd__tt_025C_1v80 
sky130_fd_sc_hd__inv_16             3      60.058    sky130_fd_sc_hd__tt_025C_1v80 
sky130_fd_sc_hd__inv_2           1478    5547.821    sky130_fd_sc_hd__tt_025C_1v80 
sky130_fd_sc_hd__inv_4             28     175.168    sky130_fd_sc_hd__tt_025C_1v80 
sky130_fd_sc_hd__inv_6             22     192.685    sky130_fd_sc_hd__tt_025C_1v80 
sky130_fd_sc_hd__inv_8             22     247.738    sky130_fd_sc_hd__tt_025C_1v80 
sky130_fd_sc_hd__maj3_1             2      20.019    sky130_fd_sc_hd__tt_025C_1v80 
sky130_fd_sc_hd__mux2_1          3075   34626.960    sky130_fd_sc_hd__tt_025C_1v80 
sky130_fd_sc_hd__mux2_2          2127   23951.722    sky130_fd_sc_hd__tt_025C_1v80 
sky130_fd_sc_hd__mux2_4             3      45.043    sky130_fd_sc_hd__tt_025C_1v80 
sky130_fd_sc_hd__mux2i_1          428    4284.109    sky130_fd_sc_hd__tt_025C_1v80 
sky130_fd_sc_hd__mux4_2          2578   58060.687    sky130_fd_sc_hd__tt_025C_1v80 
sky130_fd_sc_hd__nand2_1         1695    6362.352    sky130_fd_sc_hd__tt_025C_1v80 
sky130_fd_sc_hd__nand2_2           34     212.704    sky130_fd_sc_hd__tt_025C_1v80 
sky130_fd_sc_hd__nand2_4            2      22.522    sky130_fd_sc_hd__tt_025C_1v80 
sky130_fd_sc_hd__nand2b_1         376    2352.256    sky130_fd_sc_hd__tt_025C_1v80 
sky130_fd_sc_hd__nand2b_4           1      13.763    sky130_fd_sc_hd__tt_025C_1v80 
sky130_fd_sc_hd__nand3_1          264    1321.267    sky130_fd_sc_hd__tt_025C_1v80 
sky130_fd_sc_hd__nand3_2            1      10.010    sky130_fd_sc_hd__tt_025C_1v80 
sky130_fd_sc_hd__nand3b_1         117     878.342    sky130_fd_sc_hd__tt_025C_1v80 
sky130_fd_sc_hd__nand4_1          819    5123.664    sky130_fd_sc_hd__tt_025C_1v80 
sky130_fd_sc_hd__nand4_2            2      25.024    sky130_fd_sc_hd__tt_025C_1v80 
sky130_fd_sc_hd__nand4b_1          94     823.290    sky130_fd_sc_hd__tt_025C_1v80 
sky130_fd_sc_hd__nand4bb_1          7      78.826    sky130_fd_sc_hd__tt_025C_1v80 
sky130_fd_sc_hd__nor2_1          2169    8141.558    sky130_fd_sc_hd__tt_025C_1v80 
sky130_fd_sc_hd__nor2_2            12      75.072    sky130_fd_sc_hd__tt_025C_1v80 
sky130_fd_sc_hd__nor2_4             2      22.522    sky130_fd_sc_hd__tt_025C_1v80 
sky130_fd_sc_hd__nor2_8             1      20.019    sky130_fd_sc_hd__tt_025C_1v80 
sky130_fd_sc_hd__nor2b_1          376    2352.256    sky130_fd_sc_hd__tt_025C_1v80 
sky130_fd_sc_hd__nor3_1           254    1271.219    sky130_fd_sc_hd__tt_025C_1v80 
sky130_fd_sc_hd__nor3_2             1      10.010    sky130_fd_sc_hd__tt_025C_1v80 
sky130_fd_sc_hd__nor3b_1          114     855.821    sky130_fd_sc_hd__tt_025C_1v80 
sky130_fd_sc_hd__nor4_1           360    2252.160    sky130_fd_sc_hd__tt_025C_1v80 
sky130_fd_sc_hd__nor4_2             1      12.512    sky130_fd_sc_hd__tt_025C_1v80 
sky130_fd_sc_hd__nor4b_1           51     446.678    sky130_fd_sc_hd__tt_025C_1v80 
sky130_fd_sc_hd__nor4bb_1          13     130.125    sky130_fd_sc_hd__tt_025C_1v80 
sky130_fd_sc_hd__o2111a_1          11     123.869    sky130_fd_sc_hd__tt_025C_1v80 
sky130_fd_sc_hd__o2111ai_1        201    1760.438    sky130_fd_sc_hd__tt_025C_1v80 
sky130_fd_sc_hd__o211a_1            1      10.010    sky130_fd_sc_hd__tt_025C_1v80 
sky130_fd_sc_hd__o211a_2            2      20.019    sky130_fd_sc_hd__tt_025C_1v80 
sky130_fd_sc_hd__o211ai_1         185    1388.832    sky130_fd_sc_hd__tt_025C_1v80 
sky130_fd_sc_hd__o21a_1            16     120.115    sky130_fd_sc_hd__tt_025C_1v80 
sky130_fd_sc_hd__o21a_4             1      15.014    sky130_fd_sc_hd__tt_025C_1v80 
sky130_fd_sc_hd__o21ai_0           12      60.058    sky130_fd_sc_hd__tt_025C_1v80 
sky130_fd_sc_hd__o21ai_1         1424    7126.835    sky130_fd_sc_hd__tt_025C_1v80 
sky130_fd_sc_hd__o21ai_2           18     157.651    sky130_fd_sc_hd__tt_025C_1v80 
sky130_fd_sc_hd__o21ba_1            6      60.058    sky130_fd_sc_hd__tt_025C_1v80 
sky130_fd_sc_hd__o21ba_2            6      60.058    sky130_fd_sc_hd__tt_025C_1v80 
sky130_fd_sc_hd__o21bai_1          17     127.622    sky130_fd_sc_hd__tt_025C_1v80 
sky130_fd_sc_hd__o21bai_2           1      11.261    sky130_fd_sc_hd__tt_025C_1v80 
sky130_fd_sc_hd__o221a_1            3      33.782    sky130_fd_sc_hd__tt_025C_1v80 
sky130_fd_sc_hd__o221a_2           31     349.085    sky130_fd_sc_hd__tt_025C_1v80 
sky130_fd_sc_hd__o221ai_1        3528   30899.635    sky130_fd_sc_hd__tt_025C_1v80 
sky130_fd_sc_hd__o22a_1           288    2522.419    sky130_fd_sc_hd__tt_025C_1v80 
sky130_fd_sc_hd__o22ai_1         3064   19168.384    sky130_fd_sc_hd__tt_025C_1v80 
sky130_fd_sc_hd__o2bb2a_1           8      80.077    sky130_fd_sc_hd__tt_025C_1v80 
sky130_fd_sc_hd__o2bb2ai_1        280    2452.352    sky130_fd_sc_hd__tt_025C_1v80 
sky130_fd_sc_hd__o311ai_1           2      17.517    sky130_fd_sc_hd__tt_025C_1v80 
sky130_fd_sc_hd__o31a_1            13     113.859    sky130_fd_sc_hd__tt_025C_1v80 
sky130_fd_sc_hd__o31ai_1            8      60.058    sky130_fd_sc_hd__tt_025C_1v80 
sky130_fd_sc_hd__o31ai_2            2      25.024    sky130_fd_sc_hd__tt_025C_1v80 
sky130_fd_sc_hd__o32a_1             2      20.019    sky130_fd_sc_hd__tt_025C_1v80 
sky130_fd_sc_hd__o32ai_1            4      35.034    sky130_fd_sc_hd__tt_025C_1v80 
sky130_fd_sc_hd__o41a_1             1      11.261    sky130_fd_sc_hd__tt_025C_1v80 
sky130_fd_sc_hd__o41ai_1           35     306.544    sky130_fd_sc_hd__tt_025C_1v80 
sky130_fd_sc_hd__or2_0             15      93.840    sky130_fd_sc_hd__tt_025C_1v80 
sky130_fd_sc_hd__or2_1             65     406.640    sky130_fd_sc_hd__tt_025C_1v80 
sky130_fd_sc_hd__or2_2             69     431.664    sky130_fd_sc_hd__tt_025C_1v80 
sky130_fd_sc_hd__or2_4              4      35.034    sky130_fd_sc_hd__tt_025C_1v80 
sky130_fd_sc_hd__or2b_2            14     122.618    sky130_fd_sc_hd__tt_025C_1v80 
sky130_fd_sc_hd__or2b_4             2      22.522    sky130_fd_sc_hd__tt_025C_1v80 
sky130_fd_sc_hd__or3_1             98     613.088    sky130_fd_sc_hd__tt_025C_1v80 
sky130_fd_sc_hd__or3b_1            15     131.376    sky130_fd_sc_hd__tt_025C_1v80 
sky130_fd_sc_hd__or3b_2            15     131.376    sky130_fd_sc_hd__tt_025C_1v80 
sky130_fd_sc_hd__or3b_4             1      11.261    sky130_fd_sc_hd__tt_025C_1v80 
sky130_fd_sc_hd__or4_1            486    3648.499    sky130_fd_sc_hd__tt_025C_1v80 
sky130_fd_sc_hd__or4_2             21     183.926    sky130_fd_sc_hd__tt_025C_1v80 
sky130_fd_sc_hd__or4_4             19     213.955    sky130_fd_sc_hd__tt_025C_1v80 
sky130_fd_sc_hd__or4b_1            30     300.288    sky130_fd_sc_hd__tt_025C_1v80 
sky130_fd_sc_hd__or4b_2            89     890.854    sky130_fd_sc_hd__tt_025C_1v80 
sky130_fd_sc_hd__or4bb_1            3      33.782    sky130_fd_sc_hd__tt_025C_1v80 
sky130_fd_sc_hd__sdfrtp_1        1237   38693.361    sky130_fd_sc_hd__tt_025C_1v80 
sky130_fd_sc_hd__sdfrtp_2           2      65.062    sky130_fd_sc_hd__tt_025C_1v80 
sky130_fd_sc_hd__sdfstp_1           6     202.694    sky130_fd_sc_hd__tt_025C_1v80 
sky130_fd_sc_hd__sdfxtp_1        2182   57332.486    sky130_fd_sc_hd__tt_025C_1v80 
sky130_fd_sc_hd__sdfxtp_2           1      27.526    sky130_fd_sc_hd__tt_025C_1v80 
sky130_fd_sc_hd__xnor2_1          107     937.149    sky130_fd_sc_hd__tt_025C_1v80 
sky130_fd_sc_hd__xor2_1           101     884.598    sky130_fd_sc_hd__tt_025C_1v80 
-----------------------------------------------------------------------------------
total                           64087  679505.450                                  


                                       
   Type    Instances    Area    Area % 
---------------------------------------
sequential      8965 198492.868   29.2 
inverter        2130   9281.402    1.4 
buffer           176   1305.002    0.2 
logic          52816 470426.179   69.2 
---------------------------------------
total          64087 679505.450  100.0 

