Command: report datapath > 04_reports/processor.datapath.rpt
============================================================
  Generated by:           Genus(TM) Synthesis Solution GENUS15.20 - 15.20-p004_1
  Generated on:           May 31 2025  02:32:14 am
  Module:                 processor
  Interconnect mode:      global
  Area mode:              timing library
============================================================


Inferred components

                Operator Signedness Inputs Outputs CellArea 
============================================================
processor
 CPU
  lsu
   csa_tree_sub_192_38
    
    module:csa_tree
                 wallace            16     18x18      60.06 
------------------------------------------------------------
     sub_192_38     -    unsigned   16x14  16               
============================================================

      Type        CellArea Percentage 
--------------------------------------
datapath modules     60.06       0.01 
external muxes        0.00       0.00 
others           679445.39      99.99 
--------------------------------------
total            679505.45     100.00 

