============================================================
  Generated by:           Genus(TM) Synthesis Solution GENUS15.20 - 15.20-p004_1
  Generated on:           May 31 2025  02:32:18 am
  Module:                 processor
  Interconnect mode:      global
  Area mode:              timing library
============================================================

         Instance          Cells  Cell Area  Net Area  Total Area 
------------------------------------------------------------------
processor                  64087     679505    450091     1129596 
  CPU                      62247     653836    436334     1090169 
    lsu                    31745     290845    228518      519363 
      csa_tree_sub_192_38     16         60         0          60 
    IMEM                   20047     213520    130897      344417 
    bp                      3368      61025     21204       82229 
    regfile                 2446      42271     16787       59058 
    ID_EX                    690       7782      2323       10106 
    CSR                      555       5942      3020        8962 
    AM                       324       3171      1152        4323 
    IF_ID                    291       3306       981        4286 
    PCNEXT                   261       2821      1384        4205 
    EX_MEM                   152       3446       132        3578 
    MEM_WB                   109       2865         0        2865 
    pc_intr                  106       1340       413        1753 
    PC                        33       1007         5        1012 
    MC                        39        308       143         451 
  uart                       861      11769      5240       17009 
    uart_rx                  516       7446      3260       10706 
    apb_interface            135       1876       586        2462 
    bclk_gen                 111       1242       560        1802 
    uart_tx                   99       1205       553        1758 
  plic                       557       7782      3030       10812 
    apb_protocol             390       5938      1849        7787 
    prio_deter               121       1227       557        1785 
    int_sense                 46        617       157         774 
      IRQ4_detector            6         53        15          68 
      IRQ3_detector            4         48         0          48 
      IRQ2_detector            4         48         0          48 
      IRQ1_detector            4         48         0          48 
      IRQ0_detector            4         48         0          48 
  timer                      421       6108      2440        8548 
    counter_module           230       3057       905        3962 
    reg_control              129       2466       390        2856 
    compare_module            49        395       160         555 
    sys_clk                   12        184        30         214 
