============================================================
  Generated by:           Genus(TM) Synthesis Solution GENUS15.20 - 15.20-p004_1
  Generated on:           May 31 2025  02:32:19 am
  Module:                 processor
  Interconnect mode:      global
  Area mode:              timing library
============================================================

                                 Leakage     Dynamic        Total     
         Instance         Cells Power(nW)   Power(nW)     Power(nW)   
----------------------------------------------------------------------
processor                 64087   220.990 118081837.662 118082058.652 
  CPU                     62247   209.593 109101773.235 109101982.828 
    lsu                   31745    93.401  51848439.481  51848532.882 
      csa_tree_sub_192_38    16     0.019    113782.250    113782.269 
    IMEM                  20047    57.010  19383784.403  19383841.413 
    bp                     3368    21.636  16070619.905  16070641.541 
    regfile                2446    16.842   8491228.490   8491245.333 
    ID_EX                   690     3.886   2048625.989   2048629.875 
    CSR                     555     2.556    943174.140    943176.696 
    IF_ID                   291     1.459    674735.293    674736.752 
    AM                      324     1.406    547350.378    547351.784 
    PCNEXT                  261     1.340    382037.669    382039.010 
    EX_MEM                  152     1.274   1812802.041   1812803.315 
    MEM_WB                  109     1.009    808679.179    808680.187 
    pc_intr                 106     0.758    282479.374    282480.132 
    PC                       33     0.487    392293.968    392294.455 
    MC                       39     0.122     57045.746     57045.868 
  uart                      861     4.739   2235656.926   2235661.665 
    uart_rx                 516     2.712   1412987.416   1412990.128 
    apb_interface           135     0.885    329709.189    329710.073 
    bclk_gen                111     0.597    238249.794    238250.391 
    uart_tx                  99     0.546    254710.527    254711.073 
  plic                      557     3.800   1280327.835   1280331.636 
    apb_protocol            390     2.977    919266.953    919269.930 
    prio_deter              121     0.574    259541.401    259541.975 
    int_sense                46     0.249    101519.482    101519.731 
      IRQ4_detector           6     0.033     12912.155     12912.188 
      IRQ3_detector           4     0.019      5528.417      5528.436 
      IRQ0_detector           4     0.019      5528.417      5528.436 
      IRQ2_detector           4     0.019      5528.417      5528.436 
      IRQ1_detector           4     0.019      5528.417      5528.436 
      IRQ5_detector           0     0.000         0.000         0.000 
      IRQ6_detector           0     0.000         0.000         0.000 
      IRQ7_detector           0     0.000         0.000         0.000 
  timer                     421     2.848   1182085.478   1182088.326 
    counter_module          230     1.453    660702.452    660703.904 
    reg_control             129     1.186    482289.312    482290.499 
    compare_module           49     0.114     14897.274     14897.388 
    sys_clk                  12     0.088     24196.440     24196.528 

