============================================================
  Generated by:           Genus(TM) Synthesis Solution GENUS15.20 - 15.20-p004_1
  Generated on:           May 31 2025  02:32:14 am
  Module:                 processor
  Interconnect mode:      global
  Area mode:              timing library
============================================================

Timing
--------

Clock  Period 
--------------
clk   10000.0 


  Cost    Critical       Violating 
 Group   Path Slack TNS    Paths   
-----------------------------------
default         0.5   0          0 
-----------------------------------
Total                 0          0 

Instance Count
--------------
Leaf Instance Count             64087 
Sequential Instance Count        8965 
Combinational Instance Count    55122 
Hierarchical Instance Count        38 

Area
----
Cell Area                          679505.450
Physical Cell Area                 0.000
Total Cell Area (Cell+Physical)    679505.450
Net Area                           450090.539
Total Area (Cell+Physical+Net)     1129595.989

Max Fanout                         6872 (i_clk)
Min Fanout                         0 (paddr[16])
Average Fanout                     2.5
Terms to net ratio                 3.2
Terms to instance ratio            4.9
Runtime                            39923.088 seconds
Elapsed Runtime                    87839 seconds
RC peak memory usage:              1026.71 
EDI peak memory usage:             no_value 
Hostname                           centos7
