============================================================
  Generated by:           Genus(TM) Synthesis Solution GENUS15.20 - 15.20-p004_1
  Generated on:           May 31 2025  02:32:12 am
  Module:                 processor
  Interconnect mode:      global
  Area mode:              timing library
============================================================


Path 1: MET (0 ps) Setup Check with Pin CPU/pc_intr/pc4save_reg[10]/CLK->D
     Startpoint: (R) CPU/AM/cs_reg[1]/CLK
          Clock: (R) clk
       Endpoint: (F) CPU/pc_intr/pc4save_reg[10]/D
          Clock: (R) clk

                     Capture       Launch     
        Clock Edge:+   10000            0     
       Src Latency:+       0            0     
       Net Latency:+       0 (I)        0 (I) 
           Arrival:=   10000            0     
                                              
             Setup:-     136                  
       Uncertainty:-     100                  
     Required Time:=    9764                  
      Launch Clock:-       0                  
         Data Path:-    9764                  
             Slack:=       0                  

#--------------------------------------------------------------------------------------------------------------------------
#             Timing Point              Flags     Arc     Edge           Cell             Fanout  Load Trans Delay Arrival 
#                                                                                                 (fF)  (ps)  (ps)   (ps)  
#--------------------------------------------------------------------------------------------------------------------------
  CPU/AM/cs_reg[1]/CLK                  -       -         R     (arrival)                   6872     -     0     -       0 
  CPU/AM/cs_reg[1]/Q                    -       CLK->Q    F     sky130_fd_sc_hd__dfrtp_1       2   8.5    66   368     368 
  CPU/AM/g3159/Y                        -       A_N->Y    F     sky130_fd_sc_hd__nand2b_4      3  10.5    48   155     523 
  CPU/AM/g1640/Y                        -       A->Y      R     sky130_fd_sc_hd__inv_2        14  42.4   197   166     689 
  CPU/AM/g1625/Y                        -       A->Y      F     sky130_fd_sc_hd__nand2_1       1   2.6    59    72     761 
  CPU/AM/g3164/X                        -       B1_N->X   R     sky130_fd_sc_hd__a21bo_2      10  27.8   158   280    1041 
  uart/apb_interface/g1536/Y            -       A->Y      F     sky130_fd_sc_hd__nor3_1        1   2.8    53    77    1118 
  uart/apb_interface/g1531/X            -       A->X      F     sky130_fd_sc_hd__and3_1        4   8.8    64   171    1289 
  uart/apb_interface/g1530/X            -       A->X      F     sky130_fd_sc_hd__and3_2        9  27.1    92   241    1530 
  uart/apb_interface/g1516/Y            -       A1->Y     R     sky130_fd_sc_hd__a22oi_2       1   3.7   130   167    1697 
  uart/apb_interface/g1508/Y            -       A->Y      F     sky130_fd_sc_hd__nand2_1       1   3.6    52    72    1769 
  CPU/AM/g3083/Y                        -       A->Y      R     sky130_fd_sc_hd__nand2_1       1   3.8    61    63    1832 
  CPU/AM/g3031/Y                        -       B->Y      F     sky130_fd_sc_hd__nand3_1       2   5.6    85    92    1923 
  CPU/g7342/Y                           -       A1->Y     R     sky130_fd_sc_hd__a21oi_1       2   9.9   244   234    2157 
  CPU/g7325/Y                           -       A->Y      F     sky130_fd_sc_hd__clkinv_2     33  77.7   304   323    2480 
  CPU/g4844/Y                           -       B->Y      R     sky130_fd_sc_hd__nand2_1       1   3.7    98   163    2643 
  CPU/g4785/Y                           -       B->Y      F     sky130_fd_sc_hd__nand2_1       3   9.1    89    97    2741 
  CPU/g15564/X                          -       A1->X     F     sky130_fd_sc_hd__mux2_4        9  28.0    86   322    3063 
  CPU/alu_addinc_add_32_65_4_g2532/Y    -       A->Y      R     sky130_fd_sc_hd__nor2_1        2   5.7   137   147    3210 
  CPU/alu_addinc_add_32_65_4_g2437/Y    -       A1->Y     F     sky130_fd_sc_hd__o21ai_1       1   3.6    55    92    3302 
  CPU/g15784/COUT                       -       CI->COUT  F     sky130_fd_sc_hd__fah_1         2   8.4    83   278    3579 
  CPU/g15698/Y                          -       A1->Y     R     sky130_fd_sc_hd__a21boi_2      1   6.3   117   151    3730 
  CPU/g15782/COUT                       -       CIN->COUT F     sky130_fd_sc_hd__fahcin_1      1   3.5    86   105    3835 
  CPU/g15781/Y                          -       A->Y      R     sky130_fd_sc_hd__inv_1         1   6.3    67    86    3921 
  CPU/g15783/COUT                       -       CIN->COUT F     sky130_fd_sc_hd__fahcin_1      2   6.4   114   106    4027 
  CPU/g15768/X                          -       A1->X     F     sky130_fd_sc_hd__a21bo_1       2   7.1    54   210    4237 
  CPU/alu_addinc_add_32_65_4_g2411/Y    -       A->Y      R     sky130_fd_sc_hd__nand2_1       2   5.9    71    77    4314 
  CPU/g15767/X                          -       A2->X     R     sky130_fd_sc_hd__o21ba_2       1   6.3    55   137    4451 
  CPU/g15780/COUT                       -       CIN->COUT F     sky130_fd_sc_hd__fahcin_1      1   3.6    87    84    4535 
  CPU/alu_addinc_add_32_65_4_g2398/COUT -       CI->COUT  F     sky130_fd_sc_hd__fah_1         2   6.4    75   279    4814 
  CPU/alu_addinc_add_32_65_4_g2396/Y    -       A->Y      R     sky130_fd_sc_hd__nand2_1       1   3.7    54    72    4886 
  CPU/alu_addinc_add_32_65_4_g2394/Y    -       A->Y      F     sky130_fd_sc_hd__nand2_1       2   8.7    72    78    4963 
  CPU/alu_addinc_add_32_65_4_g2391/Y    -       A->Y      R     sky130_fd_sc_hd__nand2_1       1   3.7    54    71    5034 
  CPU/alu_addinc_add_32_65_4_g2389/Y    -       A->Y      F     sky130_fd_sc_hd__nand2_1       3   9.3    76    81    5115 
  CPU/alu_addinc_add_32_65_4_g2380/X    -       A1->X     F     sky130_fd_sc_hd__a31o_1        3  10.7    72   219    5334 
  CPU/alu_addinc_add_32_65_4_g2373/Y    -       A->Y      R     sky130_fd_sc_hd__nand2_1       1   5.9    73    85    5419 
  CPU/alu_addinc_add_32_65_4_g2371/Y    -       A->Y      F     sky130_fd_sc_hd__nand2_2       2  10.7    65    68    5488 
  CPU/alu_addinc_add_32_65_4_g2366/Y    -       A->Y      R     sky130_fd_sc_hd__nand2_2       2   9.0    68    78    5566 
  CPU/alu_addinc_add_32_65_4_g2362/Y    -       B->Y      F     sky130_fd_sc_hd__nor2_2        2   6.4    57    42    5608 
  CPU/alu_addinc_add_32_65_4_g2360/Y    -       A->Y      R     sky130_fd_sc_hd__nand2_1       1   5.9    73    78    5686 
  CPU/alu_addinc_add_32_65_4_g2356/Y    -       A->Y      F     sky130_fd_sc_hd__nand2_2       2   8.7    49    62    5749 
  CPU/alu_addinc_add_32_65_4_g2351/Y    -       A->Y      R     sky130_fd_sc_hd__nand2_1       1   3.7    54    61    5810 
  CPU/alu_addinc_add_32_65_4_g2349/Y    -       A->Y      F     sky130_fd_sc_hd__nand2_1       2   8.7    72    78    5888 
  CPU/alu_addinc_add_32_65_4_g2346/Y    -       A->Y      R     sky130_fd_sc_hd__nand2_1       1   3.7    54    71    5958 
  CPU/alu_addinc_add_32_65_4_g2344/Y    -       A->Y      F     sky130_fd_sc_hd__nand2_1       2   8.7    75    78    6036 
  CPU/g15766/X                          -       A1->X     F     sky130_fd_sc_hd__a21bo_1       1   5.8    49   188    6225 
  CPU/alu_addinc_add_32_65_4_g2339/Y    -       B->Y      F     sky130_fd_sc_hd__xnor2_1       2   6.6    84   140    6365 
  CPU/alu_g15349/X                      -       B->X      F     sky130_fd_sc_hd__maj3_1        1   3.1    68   337    6702 
  CPU/alu_g15214/X                      -       A0->X     F     sky130_fd_sc_hd__mux2_2        1   3.6    52   267    6969 
  CPU/alu_g15093/Y                      -       A->Y      R     sky130_fd_sc_hd__nand3_1       1  10.1   132   114    7083 
  CPU/alu_g14819/Y                      -       A->Y      F     sky130_fd_sc_hd__nand2_4      38  88.8   205   191    7274 
  CPU/HU_g2541/Y                        -       B->Y      R     sky130_fd_sc_hd__nand2b_1      1   3.8    83   138    7412 
  CPU/HU_g2510/Y                        -       B->Y      F     sky130_fd_sc_hd__nand4_1       1   3.5    83    95    7507 
  CPU/HU_g2500/Y                        -       C->Y      R     sky130_fd_sc_hd__nor3_1        1   3.8   177   159    7666 
  CPU/HU_g2499/Y                        -       B->Y      F     sky130_fd_sc_hd__nor2_1        4  13.0    86   112    7778 
  CPU/HU_g2498/Y                        -       B->Y      R     sky130_fd_sc_hd__nand2b_1      4  15.5   172   168    7946 
  CPU/g15563/Y                          -       D_N->Y    R     sky130_fd_sc_hd__nor4b_1       2   6.8   400   366    8312 
  CPU/pc_intr/g1360/X                   -       B->X      R     sky130_fd_sc_hd__or2_4        33 102.1   311   398    8709 
  CPU/pc_intr/g1359/Y                   -       A->Y      F     sky130_fd_sc_hd__inv_2         2   4.9    59    59    8768 
  CPU/pc_intr/g1357/X                   -       B->X      F     sky130_fd_sc_hd__and2b_1      32  87.3   402   456    9224 
  CPU/pc_intr/g1341/Y                   -       A2->Y     R     sky130_fd_sc_hd__a222oi_1      1   3.7   333   461    9685 
  CPU/pc_intr/g1325/Y                   -       A->Y      F     sky130_fd_sc_hd__inv_1         1   3.2    70    79    9764 
  CPU/pc_intr/pc4save_reg[10]/D         -       -         F     sky130_fd_sc_hd__dfrtp_1       1     -     -     0    9764 
#--------------------------------------------------------------------------------------------------------------------------



Path 2: MET (1 ps) Setup Check with Pin CPU/pc_intr/pc4save_reg[6]/CLK->D
     Startpoint: (R) CPU/AM/cs_reg[1]/CLK
          Clock: (R) clk
       Endpoint: (F) CPU/pc_intr/pc4save_reg[6]/D
          Clock: (R) clk

                     Capture       Launch     
        Clock Edge:+   10000            0     
       Src Latency:+       0            0     
       Net Latency:+       0 (I)        0 (I) 
           Arrival:=   10000            0     
                                              
             Setup:-     135                  
       Uncertainty:-     100                  
     Required Time:=    9765                  
      Launch Clock:-       0                  
         Data Path:-    9763                  
             Slack:=       1                  

#--------------------------------------------------------------------------------------------------------------------------
#             Timing Point              Flags     Arc     Edge           Cell             Fanout  Load Trans Delay Arrival 
#                                                                                                 (fF)  (ps)  (ps)   (ps)  
#--------------------------------------------------------------------------------------------------------------------------
  CPU/AM/cs_reg[1]/CLK                  -       -         R     (arrival)                   6872     -     0     -       0 
  CPU/AM/cs_reg[1]/Q                    -       CLK->Q    F     sky130_fd_sc_hd__dfrtp_1       2   8.5    66   368     368 
  CPU/AM/g3159/Y                        -       A_N->Y    F     sky130_fd_sc_hd__nand2b_4      3  10.5    48   155     523 
  CPU/AM/g1640/Y                        -       A->Y      R     sky130_fd_sc_hd__inv_2        14  42.4   197   166     689 
  CPU/AM/g1625/Y                        -       A->Y      F     sky130_fd_sc_hd__nand2_1       1   2.6    59    72     761 
  CPU/AM/g3164/X                        -       B1_N->X   R     sky130_fd_sc_hd__a21bo_2      10  27.8   158   280    1041 
  uart/apb_interface/g1536/Y            -       A->Y      F     sky130_fd_sc_hd__nor3_1        1   2.8    53    77    1118 
  uart/apb_interface/g1531/X            -       A->X      F     sky130_fd_sc_hd__and3_1        4   8.8    64   171    1289 
  uart/apb_interface/g1530/X            -       A->X      F     sky130_fd_sc_hd__and3_2        9  27.1    92   241    1530 
  uart/apb_interface/g1516/Y            -       A1->Y     R     sky130_fd_sc_hd__a22oi_2       1   3.7   130   167    1697 
  uart/apb_interface/g1508/Y            -       A->Y      F     sky130_fd_sc_hd__nand2_1       1   3.6    52    72    1769 
  CPU/AM/g3083/Y                        -       A->Y      R     sky130_fd_sc_hd__nand2_1       1   3.8    61    63    1832 
  CPU/AM/g3031/Y                        -       B->Y      F     sky130_fd_sc_hd__nand3_1       2   5.6    85    92    1923 
  CPU/g7342/Y                           -       A1->Y     R     sky130_fd_sc_hd__a21oi_1       2   9.9   244   234    2157 
  CPU/g7325/Y                           -       A->Y      F     sky130_fd_sc_hd__clkinv_2     33  77.7   304   323    2480 
  CPU/g4844/Y                           -       B->Y      R     sky130_fd_sc_hd__nand2_1       1   3.7    98   163    2643 
  CPU/g4785/Y                           -       B->Y      F     sky130_fd_sc_hd__nand2_1       3   9.1    89    97    2741 
  CPU/g15564/X                          -       A1->X     F     sky130_fd_sc_hd__mux2_4        9  28.0    86   322    3063 
  CPU/alu_addinc_add_32_65_4_g2532/Y    -       A->Y      R     sky130_fd_sc_hd__nor2_1        2   5.7   137   147    3210 
  CPU/alu_addinc_add_32_65_4_g2437/Y    -       A1->Y     F     sky130_fd_sc_hd__o21ai_1       1   3.6    55    92    3302 
  CPU/g15784/COUT                       -       CI->COUT  F     sky130_fd_sc_hd__fah_1         2   8.4    83   278    3579 
  CPU/g15698/Y                          -       A1->Y     R     sky130_fd_sc_hd__a21boi_2      1   6.3   117   151    3730 
  CPU/g15782/COUT                       -       CIN->COUT F     sky130_fd_sc_hd__fahcin_1      1   3.5    86   105    3835 
  CPU/g15781/Y                          -       A->Y      R     sky130_fd_sc_hd__inv_1         1   6.3    67    86    3921 
  CPU/g15783/COUT                       -       CIN->COUT F     sky130_fd_sc_hd__fahcin_1      2   6.4   114   106    4027 
  CPU/g15768/X                          -       A1->X     F     sky130_fd_sc_hd__a21bo_1       2   7.1    54   210    4237 
  CPU/alu_addinc_add_32_65_4_g2411/Y    -       A->Y      R     sky130_fd_sc_hd__nand2_1       2   5.9    71    77    4314 
  CPU/g15767/X                          -       A2->X     R     sky130_fd_sc_hd__o21ba_2       1   6.3    55   137    4451 
  CPU/g15780/COUT                       -       CIN->COUT F     sky130_fd_sc_hd__fahcin_1      1   3.6    87    84    4535 
  CPU/alu_addinc_add_32_65_4_g2398/COUT -       CI->COUT  F     sky130_fd_sc_hd__fah_1         2   6.4    75   279    4814 
  CPU/alu_addinc_add_32_65_4_g2396/Y    -       A->Y      R     sky130_fd_sc_hd__nand2_1       1   3.7    54    72    4886 
  CPU/alu_addinc_add_32_65_4_g2394/Y    -       A->Y      F     sky130_fd_sc_hd__nand2_1       2   8.7    72    78    4963 
  CPU/alu_addinc_add_32_65_4_g2391/Y    -       A->Y      R     sky130_fd_sc_hd__nand2_1       1   3.7    54    71    5034 
  CPU/alu_addinc_add_32_65_4_g2389/Y    -       A->Y      F     sky130_fd_sc_hd__nand2_1       3   9.3    76    81    5115 
  CPU/alu_addinc_add_32_65_4_g2380/X    -       A1->X     F     sky130_fd_sc_hd__a31o_1        3  10.7    72   219    5334 
  CPU/alu_addinc_add_32_65_4_g2373/Y    -       A->Y      R     sky130_fd_sc_hd__nand2_1       1   5.9    73    85    5419 
  CPU/alu_addinc_add_32_65_4_g2371/Y    -       A->Y      F     sky130_fd_sc_hd__nand2_2       2  10.7    65    68    5488 
  CPU/alu_addinc_add_32_65_4_g2366/Y    -       A->Y      R     sky130_fd_sc_hd__nand2_2       2   9.0    68    78    5566 
  CPU/alu_addinc_add_32_65_4_g2362/Y    -       B->Y      F     sky130_fd_sc_hd__nor2_2        2   6.4    57    42    5608 
  CPU/alu_addinc_add_32_65_4_g2360/Y    -       A->Y      R     sky130_fd_sc_hd__nand2_1       1   5.9    73    78    5686 
  CPU/alu_addinc_add_32_65_4_g2356/Y    -       A->Y      F     sky130_fd_sc_hd__nand2_2       2   8.7    49    62    5749 
  CPU/alu_addinc_add_32_65_4_g2351/Y    -       A->Y      R     sky130_fd_sc_hd__nand2_1       1   3.7    54    61    5810 
  CPU/alu_addinc_add_32_65_4_g2349/Y    -       A->Y      F     sky130_fd_sc_hd__nand2_1       2   8.7    72    78    5888 
  CPU/alu_addinc_add_32_65_4_g2346/Y    -       A->Y      R     sky130_fd_sc_hd__nand2_1       1   3.7    54    71    5958 
  CPU/alu_addinc_add_32_65_4_g2344/Y    -       A->Y      F     sky130_fd_sc_hd__nand2_1       2   8.7    75    78    6036 
  CPU/g15766/X                          -       A1->X     F     sky130_fd_sc_hd__a21bo_1       1   5.8    49   188    6225 
  CPU/alu_addinc_add_32_65_4_g2339/Y    -       B->Y      F     sky130_fd_sc_hd__xnor2_1       2   6.6    84   140    6365 
  CPU/alu_g15349/X                      -       B->X      F     sky130_fd_sc_hd__maj3_1        1   3.1    68   337    6702 
  CPU/alu_g15214/X                      -       A0->X     F     sky130_fd_sc_hd__mux2_2        1   3.6    52   267    6969 
  CPU/alu_g15093/Y                      -       A->Y      R     sky130_fd_sc_hd__nand3_1       1  10.1   132   114    7083 
  CPU/alu_g14819/Y                      -       A->Y      F     sky130_fd_sc_hd__nand2_4      38  88.8   205   191    7274 
  CPU/HU_g2541/Y                        -       B->Y      R     sky130_fd_sc_hd__nand2b_1      1   3.8    83   138    7412 
  CPU/HU_g2510/Y                        -       B->Y      F     sky130_fd_sc_hd__nand4_1       1   3.5    83    95    7507 
  CPU/HU_g2500/Y                        -       C->Y      R     sky130_fd_sc_hd__nor3_1        1   3.8   177   159    7666 
  CPU/HU_g2499/Y                        -       B->Y      F     sky130_fd_sc_hd__nor2_1        4  13.0    86   112    7778 
  CPU/HU_g2498/Y                        -       B->Y      R     sky130_fd_sc_hd__nand2b_1      4  15.5   172   168    7946 
  CPU/g15563/Y                          -       D_N->Y    R     sky130_fd_sc_hd__nor4b_1       2   6.8   400   366    8312 
  CPU/pc_intr/g1360/X                   -       B->X      R     sky130_fd_sc_hd__or2_4        33 102.1   311   398    8709 
  CPU/pc_intr/g1359/Y                   -       A->Y      F     sky130_fd_sc_hd__inv_2         2   4.9    59    59    8768 
  CPU/pc_intr/g1357/X                   -       B->X      F     sky130_fd_sc_hd__and2b_1      32  87.3   402   456    9224 
  CPU/pc_intr/g1320/Y                   -       A2->Y     R     sky130_fd_sc_hd__a222oi_1      1   3.7   325   461    9685 
  CPU/pc_intr/g1304/Y                   -       A->Y      F     sky130_fd_sc_hd__inv_1         1   3.2    70    79    9763 
  CPU/pc_intr/pc4save_reg[6]/D          -       -         F     sky130_fd_sc_hd__dfrtp_1       1     -     -     0    9763 
#--------------------------------------------------------------------------------------------------------------------------



Path 3: MET (5 ps) Setup Check with Pin CPU/pc_intr/pc4save_reg[9]/CLK->D
     Startpoint: (R) CPU/AM/cs_reg[1]/CLK
          Clock: (R) clk
       Endpoint: (F) CPU/pc_intr/pc4save_reg[9]/D
          Clock: (R) clk

                     Capture       Launch     
        Clock Edge:+   10000            0     
       Src Latency:+       0            0     
       Net Latency:+       0 (I)        0 (I) 
           Arrival:=   10000            0     
                                              
             Setup:-     134                  
       Uncertainty:-     100                  
     Required Time:=    9766                  
      Launch Clock:-       0                  
         Data Path:-    9761                  
             Slack:=       5                  

#--------------------------------------------------------------------------------------------------------------------------
#             Timing Point              Flags     Arc     Edge           Cell             Fanout  Load Trans Delay Arrival 
#                                                                                                 (fF)  (ps)  (ps)   (ps)  
#--------------------------------------------------------------------------------------------------------------------------
  CPU/AM/cs_reg[1]/CLK                  -       -         R     (arrival)                   6872     -     0     -       0 
  CPU/AM/cs_reg[1]/Q                    -       CLK->Q    F     sky130_fd_sc_hd__dfrtp_1       2   8.5    66   368     368 
  CPU/AM/g3159/Y                        -       A_N->Y    F     sky130_fd_sc_hd__nand2b_4      3  10.5    48   155     523 
  CPU/AM/g1640/Y                        -       A->Y      R     sky130_fd_sc_hd__inv_2        14  42.4   197   166     689 
  CPU/AM/g1625/Y                        -       A->Y      F     sky130_fd_sc_hd__nand2_1       1   2.6    59    72     761 
  CPU/AM/g3164/X                        -       B1_N->X   R     sky130_fd_sc_hd__a21bo_2      10  27.8   158   280    1041 
  uart/apb_interface/g1536/Y            -       A->Y      F     sky130_fd_sc_hd__nor3_1        1   2.8    53    77    1118 
  uart/apb_interface/g1531/X            -       A->X      F     sky130_fd_sc_hd__and3_1        4   8.8    64   171    1289 
  uart/apb_interface/g1530/X            -       A->X      F     sky130_fd_sc_hd__and3_2        9  27.1    92   241    1530 
  uart/apb_interface/g1516/Y            -       A1->Y     R     sky130_fd_sc_hd__a22oi_2       1   3.7   130   167    1697 
  uart/apb_interface/g1508/Y            -       A->Y      F     sky130_fd_sc_hd__nand2_1       1   3.6    52    72    1769 
  CPU/AM/g3083/Y                        -       A->Y      R     sky130_fd_sc_hd__nand2_1       1   3.8    61    63    1832 
  CPU/AM/g3031/Y                        -       B->Y      F     sky130_fd_sc_hd__nand3_1       2   5.6    85    92    1923 
  CPU/g7342/Y                           -       A1->Y     R     sky130_fd_sc_hd__a21oi_1       2   9.9   244   234    2157 
  CPU/g7325/Y                           -       A->Y      F     sky130_fd_sc_hd__clkinv_2     33  77.7   304   323    2480 
  CPU/g4844/Y                           -       B->Y      R     sky130_fd_sc_hd__nand2_1       1   3.7    98   163    2643 
  CPU/g4785/Y                           -       B->Y      F     sky130_fd_sc_hd__nand2_1       3   9.1    89    97    2741 
  CPU/g15564/X                          -       A1->X     F     sky130_fd_sc_hd__mux2_4        9  28.0    86   322    3063 
  CPU/alu_addinc_add_32_65_4_g2532/Y    -       A->Y      R     sky130_fd_sc_hd__nor2_1        2   5.7   137   147    3210 
  CPU/alu_addinc_add_32_65_4_g2437/Y    -       A1->Y     F     sky130_fd_sc_hd__o21ai_1       1   3.6    55    92    3302 
  CPU/g15784/COUT                       -       CI->COUT  F     sky130_fd_sc_hd__fah_1         2   8.4    83   278    3579 
  CPU/g15698/Y                          -       A1->Y     R     sky130_fd_sc_hd__a21boi_2      1   6.3   117   151    3730 
  CPU/g15782/COUT                       -       CIN->COUT F     sky130_fd_sc_hd__fahcin_1      1   3.5    86   105    3835 
  CPU/g15781/Y                          -       A->Y      R     sky130_fd_sc_hd__inv_1         1   6.3    67    86    3921 
  CPU/g15783/COUT                       -       CIN->COUT F     sky130_fd_sc_hd__fahcin_1      2   6.4   114   106    4027 
  CPU/g15768/X                          -       A1->X     F     sky130_fd_sc_hd__a21bo_1       2   7.1    54   210    4237 
  CPU/alu_addinc_add_32_65_4_g2411/Y    -       A->Y      R     sky130_fd_sc_hd__nand2_1       2   5.9    71    77    4314 
  CPU/g15767/X                          -       A2->X     R     sky130_fd_sc_hd__o21ba_2       1   6.3    55   137    4451 
  CPU/g15780/COUT                       -       CIN->COUT F     sky130_fd_sc_hd__fahcin_1      1   3.6    87    84    4535 
  CPU/alu_addinc_add_32_65_4_g2398/COUT -       CI->COUT  F     sky130_fd_sc_hd__fah_1         2   6.4    75   279    4814 
  CPU/alu_addinc_add_32_65_4_g2396/Y    -       A->Y      R     sky130_fd_sc_hd__nand2_1       1   3.7    54    72    4886 
  CPU/alu_addinc_add_32_65_4_g2394/Y    -       A->Y      F     sky130_fd_sc_hd__nand2_1       2   8.7    72    78    4963 
  CPU/alu_addinc_add_32_65_4_g2391/Y    -       A->Y      R     sky130_fd_sc_hd__nand2_1       1   3.7    54    71    5034 
  CPU/alu_addinc_add_32_65_4_g2389/Y    -       A->Y      F     sky130_fd_sc_hd__nand2_1       3   9.3    76    81    5115 
  CPU/alu_addinc_add_32_65_4_g2380/X    -       A1->X     F     sky130_fd_sc_hd__a31o_1        3  10.7    72   219    5334 
  CPU/alu_addinc_add_32_65_4_g2373/Y    -       A->Y      R     sky130_fd_sc_hd__nand2_1       1   5.9    73    85    5419 
  CPU/alu_addinc_add_32_65_4_g2371/Y    -       A->Y      F     sky130_fd_sc_hd__nand2_2       2  10.7    65    68    5488 
  CPU/alu_addinc_add_32_65_4_g2366/Y    -       A->Y      R     sky130_fd_sc_hd__nand2_2       2   9.0    68    78    5566 
  CPU/alu_addinc_add_32_65_4_g2362/Y    -       B->Y      F     sky130_fd_sc_hd__nor2_2        2   6.4    57    42    5608 
  CPU/alu_addinc_add_32_65_4_g2360/Y    -       A->Y      R     sky130_fd_sc_hd__nand2_1       1   5.9    73    78    5686 
  CPU/alu_addinc_add_32_65_4_g2356/Y    -       A->Y      F     sky130_fd_sc_hd__nand2_2       2   8.7    49    62    5749 
  CPU/alu_addinc_add_32_65_4_g2351/Y    -       A->Y      R     sky130_fd_sc_hd__nand2_1       1   3.7    54    61    5810 
  CPU/alu_addinc_add_32_65_4_g2349/Y    -       A->Y      F     sky130_fd_sc_hd__nand2_1       2   8.7    72    78    5888 
  CPU/alu_addinc_add_32_65_4_g2346/Y    -       A->Y      R     sky130_fd_sc_hd__nand2_1       1   3.7    54    71    5958 
  CPU/alu_addinc_add_32_65_4_g2344/Y    -       A->Y      F     sky130_fd_sc_hd__nand2_1       2   8.7    75    78    6036 
  CPU/g15766/X                          -       A1->X     F     sky130_fd_sc_hd__a21bo_1       1   5.8    49   188    6225 
  CPU/alu_addinc_add_32_65_4_g2339/Y    -       B->Y      F     sky130_fd_sc_hd__xnor2_1       2   6.6    84   140    6365 
  CPU/alu_g15349/X                      -       B->X      F     sky130_fd_sc_hd__maj3_1        1   3.1    68   337    6702 
  CPU/alu_g15214/X                      -       A0->X     F     sky130_fd_sc_hd__mux2_2        1   3.6    52   267    6969 
  CPU/alu_g15093/Y                      -       A->Y      R     sky130_fd_sc_hd__nand3_1       1  10.1   132   114    7083 
  CPU/alu_g14819/Y                      -       A->Y      F     sky130_fd_sc_hd__nand2_4      38  88.8   205   191    7274 
  CPU/HU_g2541/Y                        -       B->Y      R     sky130_fd_sc_hd__nand2b_1      1   3.8    83   138    7412 
  CPU/HU_g2510/Y                        -       B->Y      F     sky130_fd_sc_hd__nand4_1       1   3.5    83    95    7507 
  CPU/HU_g2500/Y                        -       C->Y      R     sky130_fd_sc_hd__nor3_1        1   3.8   177   159    7666 
  CPU/HU_g2499/Y                        -       B->Y      F     sky130_fd_sc_hd__nor2_1        4  13.0    86   112    7778 
  CPU/HU_g2498/Y                        -       B->Y      R     sky130_fd_sc_hd__nand2b_1      4  15.5   172   168    7946 
  CPU/g15563/Y                          -       D_N->Y    R     sky130_fd_sc_hd__nor4b_1       2   6.8   400   366    8312 
  CPU/pc_intr/g1360/X                   -       B->X      R     sky130_fd_sc_hd__or2_4        33 102.1   311   398    8709 
  CPU/pc_intr/g1359/Y                   -       A->Y      F     sky130_fd_sc_hd__inv_2         2   4.9    59    59    8768 
  CPU/pc_intr/g1357/X                   -       B->X      F     sky130_fd_sc_hd__and2b_1      32  87.3   402   456    9224 
  CPU/pc_intr/g1308/Y                   -       A2->Y     R     sky130_fd_sc_hd__a222oi_1      1   3.7   291   461    9685 
  CPU/pc_intr/g1292/Y                   -       A->Y      F     sky130_fd_sc_hd__inv_1         1   3.2    66    77    9761 
  CPU/pc_intr/pc4save_reg[9]/D          -       -         F     sky130_fd_sc_hd__dfrtp_1       1     -     -     0    9761 
#--------------------------------------------------------------------------------------------------------------------------



Path 4: MET (5 ps) Setup Check with Pin CPU/pc_intr/pc4save_reg[8]/CLK->D
     Startpoint: (R) CPU/AM/cs_reg[1]/CLK
          Clock: (R) clk
       Endpoint: (F) CPU/pc_intr/pc4save_reg[8]/D
          Clock: (R) clk

                     Capture       Launch     
        Clock Edge:+   10000            0     
       Src Latency:+       0            0     
       Net Latency:+       0 (I)        0 (I) 
           Arrival:=   10000            0     
                                              
             Setup:-     134                  
       Uncertainty:-     100                  
     Required Time:=    9766                  
      Launch Clock:-       0                  
         Data Path:-    9761                  
             Slack:=       5                  

#--------------------------------------------------------------------------------------------------------------------------
#             Timing Point              Flags     Arc     Edge           Cell             Fanout  Load Trans Delay Arrival 
#                                                                                                 (fF)  (ps)  (ps)   (ps)  
#--------------------------------------------------------------------------------------------------------------------------
  CPU/AM/cs_reg[1]/CLK                  -       -         R     (arrival)                   6872     -     0     -       0 
  CPU/AM/cs_reg[1]/Q                    -       CLK->Q    F     sky130_fd_sc_hd__dfrtp_1       2   8.5    66   368     368 
  CPU/AM/g3159/Y                        -       A_N->Y    F     sky130_fd_sc_hd__nand2b_4      3  10.5    48   155     523 
  CPU/AM/g1640/Y                        -       A->Y      R     sky130_fd_sc_hd__inv_2        14  42.4   197   166     689 
  CPU/AM/g1625/Y                        -       A->Y      F     sky130_fd_sc_hd__nand2_1       1   2.6    59    72     761 
  CPU/AM/g3164/X                        -       B1_N->X   R     sky130_fd_sc_hd__a21bo_2      10  27.8   158   280    1041 
  uart/apb_interface/g1536/Y            -       A->Y      F     sky130_fd_sc_hd__nor3_1        1   2.8    53    77    1118 
  uart/apb_interface/g1531/X            -       A->X      F     sky130_fd_sc_hd__and3_1        4   8.8    64   171    1289 
  uart/apb_interface/g1530/X            -       A->X      F     sky130_fd_sc_hd__and3_2        9  27.1    92   241    1530 
  uart/apb_interface/g1516/Y            -       A1->Y     R     sky130_fd_sc_hd__a22oi_2       1   3.7   130   167    1697 
  uart/apb_interface/g1508/Y            -       A->Y      F     sky130_fd_sc_hd__nand2_1       1   3.6    52    72    1769 
  CPU/AM/g3083/Y                        -       A->Y      R     sky130_fd_sc_hd__nand2_1       1   3.8    61    63    1832 
  CPU/AM/g3031/Y                        -       B->Y      F     sky130_fd_sc_hd__nand3_1       2   5.6    85    92    1923 
  CPU/g7342/Y                           -       A1->Y     R     sky130_fd_sc_hd__a21oi_1       2   9.9   244   234    2157 
  CPU/g7325/Y                           -       A->Y      F     sky130_fd_sc_hd__clkinv_2     33  77.7   304   323    2480 
  CPU/g4844/Y                           -       B->Y      R     sky130_fd_sc_hd__nand2_1       1   3.7    98   163    2643 
  CPU/g4785/Y                           -       B->Y      F     sky130_fd_sc_hd__nand2_1       3   9.1    89    97    2741 
  CPU/g15564/X                          -       A1->X     F     sky130_fd_sc_hd__mux2_4        9  28.0    86   322    3063 
  CPU/alu_addinc_add_32_65_4_g2532/Y    -       A->Y      R     sky130_fd_sc_hd__nor2_1        2   5.7   137   147    3210 
  CPU/alu_addinc_add_32_65_4_g2437/Y    -       A1->Y     F     sky130_fd_sc_hd__o21ai_1       1   3.6    55    92    3302 
  CPU/g15784/COUT                       -       CI->COUT  F     sky130_fd_sc_hd__fah_1         2   8.4    83   278    3579 
  CPU/g15698/Y                          -       A1->Y     R     sky130_fd_sc_hd__a21boi_2      1   6.3   117   151    3730 
  CPU/g15782/COUT                       -       CIN->COUT F     sky130_fd_sc_hd__fahcin_1      1   3.5    86   105    3835 
  CPU/g15781/Y                          -       A->Y      R     sky130_fd_sc_hd__inv_1         1   6.3    67    86    3921 
  CPU/g15783/COUT                       -       CIN->COUT F     sky130_fd_sc_hd__fahcin_1      2   6.4   114   106    4027 
  CPU/g15768/X                          -       A1->X     F     sky130_fd_sc_hd__a21bo_1       2   7.1    54   210    4237 
  CPU/alu_addinc_add_32_65_4_g2411/Y    -       A->Y      R     sky130_fd_sc_hd__nand2_1       2   5.9    71    77    4314 
  CPU/g15767/X                          -       A2->X     R     sky130_fd_sc_hd__o21ba_2       1   6.3    55   137    4451 
  CPU/g15780/COUT                       -       CIN->COUT F     sky130_fd_sc_hd__fahcin_1      1   3.6    87    84    4535 
  CPU/alu_addinc_add_32_65_4_g2398/COUT -       CI->COUT  F     sky130_fd_sc_hd__fah_1         2   6.4    75   279    4814 
  CPU/alu_addinc_add_32_65_4_g2396/Y    -       A->Y      R     sky130_fd_sc_hd__nand2_1       1   3.7    54    72    4886 
  CPU/alu_addinc_add_32_65_4_g2394/Y    -       A->Y      F     sky130_fd_sc_hd__nand2_1       2   8.7    72    78    4963 
  CPU/alu_addinc_add_32_65_4_g2391/Y    -       A->Y      R     sky130_fd_sc_hd__nand2_1       1   3.7    54    71    5034 
  CPU/alu_addinc_add_32_65_4_g2389/Y    -       A->Y      F     sky130_fd_sc_hd__nand2_1       3   9.3    76    81    5115 
  CPU/alu_addinc_add_32_65_4_g2380/X    -       A1->X     F     sky130_fd_sc_hd__a31o_1        3  10.7    72   219    5334 
  CPU/alu_addinc_add_32_65_4_g2373/Y    -       A->Y      R     sky130_fd_sc_hd__nand2_1       1   5.9    73    85    5419 
  CPU/alu_addinc_add_32_65_4_g2371/Y    -       A->Y      F     sky130_fd_sc_hd__nand2_2       2  10.7    65    68    5488 
  CPU/alu_addinc_add_32_65_4_g2366/Y    -       A->Y      R     sky130_fd_sc_hd__nand2_2       2   9.0    68    78    5566 
  CPU/alu_addinc_add_32_65_4_g2362/Y    -       B->Y      F     sky130_fd_sc_hd__nor2_2        2   6.4    57    42    5608 
  CPU/alu_addinc_add_32_65_4_g2360/Y    -       A->Y      R     sky130_fd_sc_hd__nand2_1       1   5.9    73    78    5686 
  CPU/alu_addinc_add_32_65_4_g2356/Y    -       A->Y      F     sky130_fd_sc_hd__nand2_2       2   8.7    49    62    5749 
  CPU/alu_addinc_add_32_65_4_g2351/Y    -       A->Y      R     sky130_fd_sc_hd__nand2_1       1   3.7    54    61    5810 
  CPU/alu_addinc_add_32_65_4_g2349/Y    -       A->Y      F     sky130_fd_sc_hd__nand2_1       2   8.7    72    78    5888 
  CPU/alu_addinc_add_32_65_4_g2346/Y    -       A->Y      R     sky130_fd_sc_hd__nand2_1       1   3.7    54    71    5958 
  CPU/alu_addinc_add_32_65_4_g2344/Y    -       A->Y      F     sky130_fd_sc_hd__nand2_1       2   8.7    75    78    6036 
  CPU/g15766/X                          -       A1->X     F     sky130_fd_sc_hd__a21bo_1       1   5.8    49   188    6225 
  CPU/alu_addinc_add_32_65_4_g2339/Y    -       B->Y      F     sky130_fd_sc_hd__xnor2_1       2   6.6    84   140    6365 
  CPU/alu_g15349/X                      -       B->X      F     sky130_fd_sc_hd__maj3_1        1   3.1    68   337    6702 
  CPU/alu_g15214/X                      -       A0->X     F     sky130_fd_sc_hd__mux2_2        1   3.6    52   267    6969 
  CPU/alu_g15093/Y                      -       A->Y      R     sky130_fd_sc_hd__nand3_1       1  10.1   132   114    7083 
  CPU/alu_g14819/Y                      -       A->Y      F     sky130_fd_sc_hd__nand2_4      38  88.8   205   191    7274 
  CPU/HU_g2541/Y                        -       B->Y      R     sky130_fd_sc_hd__nand2b_1      1   3.8    83   138    7412 
  CPU/HU_g2510/Y                        -       B->Y      F     sky130_fd_sc_hd__nand4_1       1   3.5    83    95    7507 
  CPU/HU_g2500/Y                        -       C->Y      R     sky130_fd_sc_hd__nor3_1        1   3.8   177   159    7666 
  CPU/HU_g2499/Y                        -       B->Y      F     sky130_fd_sc_hd__nor2_1        4  13.0    86   112    7778 
  CPU/HU_g2498/Y                        -       B->Y      R     sky130_fd_sc_hd__nand2b_1      4  15.5   172   168    7946 
  CPU/g15563/Y                          -       D_N->Y    R     sky130_fd_sc_hd__nor4b_1       2   6.8   400   366    8312 
  CPU/pc_intr/g1360/X                   -       B->X      R     sky130_fd_sc_hd__or2_4        33 102.1   311   398    8709 
  CPU/pc_intr/g1359/Y                   -       A->Y      F     sky130_fd_sc_hd__inv_2         2   4.9    59    59    8768 
  CPU/pc_intr/g1357/X                   -       B->X      F     sky130_fd_sc_hd__and2b_1      32  87.3   402   456    9224 
  CPU/pc_intr/g1322/Y                   -       A2->Y     R     sky130_fd_sc_hd__a222oi_1      1   3.7   291   461    9685 
  CPU/pc_intr/g1306/Y                   -       A->Y      F     sky130_fd_sc_hd__inv_1         1   3.2    66    77    9761 
  CPU/pc_intr/pc4save_reg[8]/D          -       -         F     sky130_fd_sc_hd__dfrtp_1       1     -     -     0    9761 
#--------------------------------------------------------------------------------------------------------------------------



Path 5: MET (5 ps) Setup Check with Pin CPU/pc_intr/pc4save_reg[7]/CLK->D
     Startpoint: (R) CPU/AM/cs_reg[1]/CLK
          Clock: (R) clk
       Endpoint: (F) CPU/pc_intr/pc4save_reg[7]/D
          Clock: (R) clk

                     Capture       Launch     
        Clock Edge:+   10000            0     
       Src Latency:+       0            0     
       Net Latency:+       0 (I)        0 (I) 
           Arrival:=   10000            0     
                                              
             Setup:-     134                  
       Uncertainty:-     100                  
     Required Time:=    9766                  
      Launch Clock:-       0                  
         Data Path:-    9761                  
             Slack:=       5                  

#--------------------------------------------------------------------------------------------------------------------------
#             Timing Point              Flags     Arc     Edge           Cell             Fanout  Load Trans Delay Arrival 
#                                                                                                 (fF)  (ps)  (ps)   (ps)  
#--------------------------------------------------------------------------------------------------------------------------
  CPU/AM/cs_reg[1]/CLK                  -       -         R     (arrival)                   6872     -     0     -       0 
  CPU/AM/cs_reg[1]/Q                    -       CLK->Q    F     sky130_fd_sc_hd__dfrtp_1       2   8.5    66   368     368 
  CPU/AM/g3159/Y                        -       A_N->Y    F     sky130_fd_sc_hd__nand2b_4      3  10.5    48   155     523 
  CPU/AM/g1640/Y                        -       A->Y      R     sky130_fd_sc_hd__inv_2        14  42.4   197   166     689 
  CPU/AM/g1625/Y                        -       A->Y      F     sky130_fd_sc_hd__nand2_1       1   2.6    59    72     761 
  CPU/AM/g3164/X                        -       B1_N->X   R     sky130_fd_sc_hd__a21bo_2      10  27.8   158   280    1041 
  uart/apb_interface/g1536/Y            -       A->Y      F     sky130_fd_sc_hd__nor3_1        1   2.8    53    77    1118 
  uart/apb_interface/g1531/X            -       A->X      F     sky130_fd_sc_hd__and3_1        4   8.8    64   171    1289 
  uart/apb_interface/g1530/X            -       A->X      F     sky130_fd_sc_hd__and3_2        9  27.1    92   241    1530 
  uart/apb_interface/g1516/Y            -       A1->Y     R     sky130_fd_sc_hd__a22oi_2       1   3.7   130   167    1697 
  uart/apb_interface/g1508/Y            -       A->Y      F     sky130_fd_sc_hd__nand2_1       1   3.6    52    72    1769 
  CPU/AM/g3083/Y                        -       A->Y      R     sky130_fd_sc_hd__nand2_1       1   3.8    61    63    1832 
  CPU/AM/g3031/Y                        -       B->Y      F     sky130_fd_sc_hd__nand3_1       2   5.6    85    92    1923 
  CPU/g7342/Y                           -       A1->Y     R     sky130_fd_sc_hd__a21oi_1       2   9.9   244   234    2157 
  CPU/g7325/Y                           -       A->Y      F     sky130_fd_sc_hd__clkinv_2     33  77.7   304   323    2480 
  CPU/g4844/Y                           -       B->Y      R     sky130_fd_sc_hd__nand2_1       1   3.7    98   163    2643 
  CPU/g4785/Y                           -       B->Y      F     sky130_fd_sc_hd__nand2_1       3   9.1    89    97    2741 
  CPU/g15564/X                          -       A1->X     F     sky130_fd_sc_hd__mux2_4        9  28.0    86   322    3063 
  CPU/alu_addinc_add_32_65_4_g2532/Y    -       A->Y      R     sky130_fd_sc_hd__nor2_1        2   5.7   137   147    3210 
  CPU/alu_addinc_add_32_65_4_g2437/Y    -       A1->Y     F     sky130_fd_sc_hd__o21ai_1       1   3.6    55    92    3302 
  CPU/g15784/COUT                       -       CI->COUT  F     sky130_fd_sc_hd__fah_1         2   8.4    83   278    3579 
  CPU/g15698/Y                          -       A1->Y     R     sky130_fd_sc_hd__a21boi_2      1   6.3   117   151    3730 
  CPU/g15782/COUT                       -       CIN->COUT F     sky130_fd_sc_hd__fahcin_1      1   3.5    86   105    3835 
  CPU/g15781/Y                          -       A->Y      R     sky130_fd_sc_hd__inv_1         1   6.3    67    86    3921 
  CPU/g15783/COUT                       -       CIN->COUT F     sky130_fd_sc_hd__fahcin_1      2   6.4   114   106    4027 
  CPU/g15768/X                          -       A1->X     F     sky130_fd_sc_hd__a21bo_1       2   7.1    54   210    4237 
  CPU/alu_addinc_add_32_65_4_g2411/Y    -       A->Y      R     sky130_fd_sc_hd__nand2_1       2   5.9    71    77    4314 
  CPU/g15767/X                          -       A2->X     R     sky130_fd_sc_hd__o21ba_2       1   6.3    55   137    4451 
  CPU/g15780/COUT                       -       CIN->COUT F     sky130_fd_sc_hd__fahcin_1      1   3.6    87    84    4535 
  CPU/alu_addinc_add_32_65_4_g2398/COUT -       CI->COUT  F     sky130_fd_sc_hd__fah_1         2   6.4    75   279    4814 
  CPU/alu_addinc_add_32_65_4_g2396/Y    -       A->Y      R     sky130_fd_sc_hd__nand2_1       1   3.7    54    72    4886 
  CPU/alu_addinc_add_32_65_4_g2394/Y    -       A->Y      F     sky130_fd_sc_hd__nand2_1       2   8.7    72    78    4963 
  CPU/alu_addinc_add_32_65_4_g2391/Y    -       A->Y      R     sky130_fd_sc_hd__nand2_1       1   3.7    54    71    5034 
  CPU/alu_addinc_add_32_65_4_g2389/Y    -       A->Y      F     sky130_fd_sc_hd__nand2_1       3   9.3    76    81    5115 
  CPU/alu_addinc_add_32_65_4_g2380/X    -       A1->X     F     sky130_fd_sc_hd__a31o_1        3  10.7    72   219    5334 
  CPU/alu_addinc_add_32_65_4_g2373/Y    -       A->Y      R     sky130_fd_sc_hd__nand2_1       1   5.9    73    85    5419 
  CPU/alu_addinc_add_32_65_4_g2371/Y    -       A->Y      F     sky130_fd_sc_hd__nand2_2       2  10.7    65    68    5488 
  CPU/alu_addinc_add_32_65_4_g2366/Y    -       A->Y      R     sky130_fd_sc_hd__nand2_2       2   9.0    68    78    5566 
  CPU/alu_addinc_add_32_65_4_g2362/Y    -       B->Y      F     sky130_fd_sc_hd__nor2_2        2   6.4    57    42    5608 
  CPU/alu_addinc_add_32_65_4_g2360/Y    -       A->Y      R     sky130_fd_sc_hd__nand2_1       1   5.9    73    78    5686 
  CPU/alu_addinc_add_32_65_4_g2356/Y    -       A->Y      F     sky130_fd_sc_hd__nand2_2       2   8.7    49    62    5749 
  CPU/alu_addinc_add_32_65_4_g2351/Y    -       A->Y      R     sky130_fd_sc_hd__nand2_1       1   3.7    54    61    5810 
  CPU/alu_addinc_add_32_65_4_g2349/Y    -       A->Y      F     sky130_fd_sc_hd__nand2_1       2   8.7    72    78    5888 
  CPU/alu_addinc_add_32_65_4_g2346/Y    -       A->Y      R     sky130_fd_sc_hd__nand2_1       1   3.7    54    71    5958 
  CPU/alu_addinc_add_32_65_4_g2344/Y    -       A->Y      F     sky130_fd_sc_hd__nand2_1       2   8.7    75    78    6036 
  CPU/g15766/X                          -       A1->X     F     sky130_fd_sc_hd__a21bo_1       1   5.8    49   188    6225 
  CPU/alu_addinc_add_32_65_4_g2339/Y    -       B->Y      F     sky130_fd_sc_hd__xnor2_1       2   6.6    84   140    6365 
  CPU/alu_g15349/X                      -       B->X      F     sky130_fd_sc_hd__maj3_1        1   3.1    68   337    6702 
  CPU/alu_g15214/X                      -       A0->X     F     sky130_fd_sc_hd__mux2_2        1   3.6    52   267    6969 
  CPU/alu_g15093/Y                      -       A->Y      R     sky130_fd_sc_hd__nand3_1       1  10.1   132   114    7083 
  CPU/alu_g14819/Y                      -       A->Y      F     sky130_fd_sc_hd__nand2_4      38  88.8   205   191    7274 
  CPU/HU_g2541/Y                        -       B->Y      R     sky130_fd_sc_hd__nand2b_1      1   3.8    83   138    7412 
  CPU/HU_g2510/Y                        -       B->Y      F     sky130_fd_sc_hd__nand4_1       1   3.5    83    95    7507 
  CPU/HU_g2500/Y                        -       C->Y      R     sky130_fd_sc_hd__nor3_1        1   3.8   177   159    7666 
  CPU/HU_g2499/Y                        -       B->Y      F     sky130_fd_sc_hd__nor2_1        4  13.0    86   112    7778 
  CPU/HU_g2498/Y                        -       B->Y      R     sky130_fd_sc_hd__nand2b_1      4  15.5   172   168    7946 
  CPU/g15563/Y                          -       D_N->Y    R     sky130_fd_sc_hd__nor4b_1       2   6.8   400   366    8312 
  CPU/pc_intr/g1360/X                   -       B->X      R     sky130_fd_sc_hd__or2_4        33 102.1   311   398    8709 
  CPU/pc_intr/g1359/Y                   -       A->Y      F     sky130_fd_sc_hd__inv_2         2   4.9    59    59    8768 
  CPU/pc_intr/g1357/X                   -       B->X      F     sky130_fd_sc_hd__and2b_1      32  87.3   402   456    9224 
  CPU/pc_intr/g1321/Y                   -       A2->Y     R     sky130_fd_sc_hd__a222oi_1      1   3.7   291   461    9685 
  CPU/pc_intr/g1305/Y                   -       A->Y      F     sky130_fd_sc_hd__inv_1         1   3.2    66    77    9761 
  CPU/pc_intr/pc4save_reg[7]/D          -       -         F     sky130_fd_sc_hd__dfrtp_1       1     -     -     0    9761 
#--------------------------------------------------------------------------------------------------------------------------



Path 6: MET (5 ps) Setup Check with Pin CPU/pc_intr/pc4save_reg[5]/CLK->D
     Startpoint: (R) CPU/AM/cs_reg[1]/CLK
          Clock: (R) clk
       Endpoint: (F) CPU/pc_intr/pc4save_reg[5]/D
          Clock: (R) clk

                     Capture       Launch     
        Clock Edge:+   10000            0     
       Src Latency:+       0            0     
       Net Latency:+       0 (I)        0 (I) 
           Arrival:=   10000            0     
                                              
             Setup:-     134                  
       Uncertainty:-     100                  
     Required Time:=    9766                  
      Launch Clock:-       0                  
         Data Path:-    9761                  
             Slack:=       5                  

#--------------------------------------------------------------------------------------------------------------------------
#             Timing Point              Flags     Arc     Edge           Cell             Fanout  Load Trans Delay Arrival 
#                                                                                                 (fF)  (ps)  (ps)   (ps)  
#--------------------------------------------------------------------------------------------------------------------------
  CPU/AM/cs_reg[1]/CLK                  -       -         R     (arrival)                   6872     -     0     -       0 
  CPU/AM/cs_reg[1]/Q                    -       CLK->Q    F     sky130_fd_sc_hd__dfrtp_1       2   8.5    66   368     368 
  CPU/AM/g3159/Y                        -       A_N->Y    F     sky130_fd_sc_hd__nand2b_4      3  10.5    48   155     523 
  CPU/AM/g1640/Y                        -       A->Y      R     sky130_fd_sc_hd__inv_2        14  42.4   197   166     689 
  CPU/AM/g1625/Y                        -       A->Y      F     sky130_fd_sc_hd__nand2_1       1   2.6    59    72     761 
  CPU/AM/g3164/X                        -       B1_N->X   R     sky130_fd_sc_hd__a21bo_2      10  27.8   158   280    1041 
  uart/apb_interface/g1536/Y            -       A->Y      F     sky130_fd_sc_hd__nor3_1        1   2.8    53    77    1118 
  uart/apb_interface/g1531/X            -       A->X      F     sky130_fd_sc_hd__and3_1        4   8.8    64   171    1289 
  uart/apb_interface/g1530/X            -       A->X      F     sky130_fd_sc_hd__and3_2        9  27.1    92   241    1530 
  uart/apb_interface/g1516/Y            -       A1->Y     R     sky130_fd_sc_hd__a22oi_2       1   3.7   130   167    1697 
  uart/apb_interface/g1508/Y            -       A->Y      F     sky130_fd_sc_hd__nand2_1       1   3.6    52    72    1769 
  CPU/AM/g3083/Y                        -       A->Y      R     sky130_fd_sc_hd__nand2_1       1   3.8    61    63    1832 
  CPU/AM/g3031/Y                        -       B->Y      F     sky130_fd_sc_hd__nand3_1       2   5.6    85    92    1923 
  CPU/g7342/Y                           -       A1->Y     R     sky130_fd_sc_hd__a21oi_1       2   9.9   244   234    2157 
  CPU/g7325/Y                           -       A->Y      F     sky130_fd_sc_hd__clkinv_2     33  77.7   304   323    2480 
  CPU/g4844/Y                           -       B->Y      R     sky130_fd_sc_hd__nand2_1       1   3.7    98   163    2643 
  CPU/g4785/Y                           -       B->Y      F     sky130_fd_sc_hd__nand2_1       3   9.1    89    97    2741 
  CPU/g15564/X                          -       A1->X     F     sky130_fd_sc_hd__mux2_4        9  28.0    86   322    3063 
  CPU/alu_addinc_add_32_65_4_g2532/Y    -       A->Y      R     sky130_fd_sc_hd__nor2_1        2   5.7   137   147    3210 
  CPU/alu_addinc_add_32_65_4_g2437/Y    -       A1->Y     F     sky130_fd_sc_hd__o21ai_1       1   3.6    55    92    3302 
  CPU/g15784/COUT                       -       CI->COUT  F     sky130_fd_sc_hd__fah_1         2   8.4    83   278    3579 
  CPU/g15698/Y                          -       A1->Y     R     sky130_fd_sc_hd__a21boi_2      1   6.3   117   151    3730 
  CPU/g15782/COUT                       -       CIN->COUT F     sky130_fd_sc_hd__fahcin_1      1   3.5    86   105    3835 
  CPU/g15781/Y                          -       A->Y      R     sky130_fd_sc_hd__inv_1         1   6.3    67    86    3921 
  CPU/g15783/COUT                       -       CIN->COUT F     sky130_fd_sc_hd__fahcin_1      2   6.4   114   106    4027 
  CPU/g15768/X                          -       A1->X     F     sky130_fd_sc_hd__a21bo_1       2   7.1    54   210    4237 
  CPU/alu_addinc_add_32_65_4_g2411/Y    -       A->Y      R     sky130_fd_sc_hd__nand2_1       2   5.9    71    77    4314 
  CPU/g15767/X                          -       A2->X     R     sky130_fd_sc_hd__o21ba_2       1   6.3    55   137    4451 
  CPU/g15780/COUT                       -       CIN->COUT F     sky130_fd_sc_hd__fahcin_1      1   3.6    87    84    4535 
  CPU/alu_addinc_add_32_65_4_g2398/COUT -       CI->COUT  F     sky130_fd_sc_hd__fah_1         2   6.4    75   279    4814 
  CPU/alu_addinc_add_32_65_4_g2396/Y    -       A->Y      R     sky130_fd_sc_hd__nand2_1       1   3.7    54    72    4886 
  CPU/alu_addinc_add_32_65_4_g2394/Y    -       A->Y      F     sky130_fd_sc_hd__nand2_1       2   8.7    72    78    4963 
  CPU/alu_addinc_add_32_65_4_g2391/Y    -       A->Y      R     sky130_fd_sc_hd__nand2_1       1   3.7    54    71    5034 
  CPU/alu_addinc_add_32_65_4_g2389/Y    -       A->Y      F     sky130_fd_sc_hd__nand2_1       3   9.3    76    81    5115 
  CPU/alu_addinc_add_32_65_4_g2380/X    -       A1->X     F     sky130_fd_sc_hd__a31o_1        3  10.7    72   219    5334 
  CPU/alu_addinc_add_32_65_4_g2373/Y    -       A->Y      R     sky130_fd_sc_hd__nand2_1       1   5.9    73    85    5419 
  CPU/alu_addinc_add_32_65_4_g2371/Y    -       A->Y      F     sky130_fd_sc_hd__nand2_2       2  10.7    65    68    5488 
  CPU/alu_addinc_add_32_65_4_g2366/Y    -       A->Y      R     sky130_fd_sc_hd__nand2_2       2   9.0    68    78    5566 
  CPU/alu_addinc_add_32_65_4_g2362/Y    -       B->Y      F     sky130_fd_sc_hd__nor2_2        2   6.4    57    42    5608 
  CPU/alu_addinc_add_32_65_4_g2360/Y    -       A->Y      R     sky130_fd_sc_hd__nand2_1       1   5.9    73    78    5686 
  CPU/alu_addinc_add_32_65_4_g2356/Y    -       A->Y      F     sky130_fd_sc_hd__nand2_2       2   8.7    49    62    5749 
  CPU/alu_addinc_add_32_65_4_g2351/Y    -       A->Y      R     sky130_fd_sc_hd__nand2_1       1   3.7    54    61    5810 
  CPU/alu_addinc_add_32_65_4_g2349/Y    -       A->Y      F     sky130_fd_sc_hd__nand2_1       2   8.7    72    78    5888 
  CPU/alu_addinc_add_32_65_4_g2346/Y    -       A->Y      R     sky130_fd_sc_hd__nand2_1       1   3.7    54    71    5958 
  CPU/alu_addinc_add_32_65_4_g2344/Y    -       A->Y      F     sky130_fd_sc_hd__nand2_1       2   8.7    75    78    6036 
  CPU/g15766/X                          -       A1->X     F     sky130_fd_sc_hd__a21bo_1       1   5.8    49   188    6225 
  CPU/alu_addinc_add_32_65_4_g2339/Y    -       B->Y      F     sky130_fd_sc_hd__xnor2_1       2   6.6    84   140    6365 
  CPU/alu_g15349/X                      -       B->X      F     sky130_fd_sc_hd__maj3_1        1   3.1    68   337    6702 
  CPU/alu_g15214/X                      -       A0->X     F     sky130_fd_sc_hd__mux2_2        1   3.6    52   267    6969 
  CPU/alu_g15093/Y                      -       A->Y      R     sky130_fd_sc_hd__nand3_1       1  10.1   132   114    7083 
  CPU/alu_g14819/Y                      -       A->Y      F     sky130_fd_sc_hd__nand2_4      38  88.8   205   191    7274 
  CPU/HU_g2541/Y                        -       B->Y      R     sky130_fd_sc_hd__nand2b_1      1   3.8    83   138    7412 
  CPU/HU_g2510/Y                        -       B->Y      F     sky130_fd_sc_hd__nand4_1       1   3.5    83    95    7507 
  CPU/HU_g2500/Y                        -       C->Y      R     sky130_fd_sc_hd__nor3_1        1   3.8   177   159    7666 
  CPU/HU_g2499/Y                        -       B->Y      F     sky130_fd_sc_hd__nor2_1        4  13.0    86   112    7778 
  CPU/HU_g2498/Y                        -       B->Y      R     sky130_fd_sc_hd__nand2b_1      4  15.5   172   168    7946 
  CPU/g15563/Y                          -       D_N->Y    R     sky130_fd_sc_hd__nor4b_1       2   6.8   400   366    8312 
  CPU/pc_intr/g1360/X                   -       B->X      R     sky130_fd_sc_hd__or2_4        33 102.1   311   398    8709 
  CPU/pc_intr/g1359/Y                   -       A->Y      F     sky130_fd_sc_hd__inv_2         2   4.9    59    59    8768 
  CPU/pc_intr/g1357/X                   -       B->X      F     sky130_fd_sc_hd__and2b_1      32  87.3   402   456    9224 
  CPU/pc_intr/g1319/Y                   -       A2->Y     R     sky130_fd_sc_hd__a222oi_1      1   3.7   291   461    9685 
  CPU/pc_intr/g1303/Y                   -       A->Y      F     sky130_fd_sc_hd__inv_1         1   3.2    66    77    9761 
  CPU/pc_intr/pc4save_reg[5]/D          -       -         F     sky130_fd_sc_hd__dfrtp_1       1     -     -     0    9761 
#--------------------------------------------------------------------------------------------------------------------------



Path 7: MET (5 ps) Setup Check with Pin CPU/pc_intr/pc4save_reg[4]/CLK->D
     Startpoint: (R) CPU/AM/cs_reg[1]/CLK
          Clock: (R) clk
       Endpoint: (F) CPU/pc_intr/pc4save_reg[4]/D
          Clock: (R) clk

                     Capture       Launch     
        Clock Edge:+   10000            0     
       Src Latency:+       0            0     
       Net Latency:+       0 (I)        0 (I) 
           Arrival:=   10000            0     
                                              
             Setup:-     134                  
       Uncertainty:-     100                  
     Required Time:=    9766                  
      Launch Clock:-       0                  
         Data Path:-    9761                  
             Slack:=       5                  

#--------------------------------------------------------------------------------------------------------------------------
#             Timing Point              Flags     Arc     Edge           Cell             Fanout  Load Trans Delay Arrival 
#                                                                                                 (fF)  (ps)  (ps)   (ps)  
#--------------------------------------------------------------------------------------------------------------------------
  CPU/AM/cs_reg[1]/CLK                  -       -         R     (arrival)                   6872     -     0     -       0 
  CPU/AM/cs_reg[1]/Q                    -       CLK->Q    F     sky130_fd_sc_hd__dfrtp_1       2   8.5    66   368     368 
  CPU/AM/g3159/Y                        -       A_N->Y    F     sky130_fd_sc_hd__nand2b_4      3  10.5    48   155     523 
  CPU/AM/g1640/Y                        -       A->Y      R     sky130_fd_sc_hd__inv_2        14  42.4   197   166     689 
  CPU/AM/g1625/Y                        -       A->Y      F     sky130_fd_sc_hd__nand2_1       1   2.6    59    72     761 
  CPU/AM/g3164/X                        -       B1_N->X   R     sky130_fd_sc_hd__a21bo_2      10  27.8   158   280    1041 
  uart/apb_interface/g1536/Y            -       A->Y      F     sky130_fd_sc_hd__nor3_1        1   2.8    53    77    1118 
  uart/apb_interface/g1531/X            -       A->X      F     sky130_fd_sc_hd__and3_1        4   8.8    64   171    1289 
  uart/apb_interface/g1530/X            -       A->X      F     sky130_fd_sc_hd__and3_2        9  27.1    92   241    1530 
  uart/apb_interface/g1516/Y            -       A1->Y     R     sky130_fd_sc_hd__a22oi_2       1   3.7   130   167    1697 
  uart/apb_interface/g1508/Y            -       A->Y      F     sky130_fd_sc_hd__nand2_1       1   3.6    52    72    1769 
  CPU/AM/g3083/Y                        -       A->Y      R     sky130_fd_sc_hd__nand2_1       1   3.8    61    63    1832 
  CPU/AM/g3031/Y                        -       B->Y      F     sky130_fd_sc_hd__nand3_1       2   5.6    85    92    1923 
  CPU/g7342/Y                           -       A1->Y     R     sky130_fd_sc_hd__a21oi_1       2   9.9   244   234    2157 
  CPU/g7325/Y                           -       A->Y      F     sky130_fd_sc_hd__clkinv_2     33  77.7   304   323    2480 
  CPU/g4844/Y                           -       B->Y      R     sky130_fd_sc_hd__nand2_1       1   3.7    98   163    2643 
  CPU/g4785/Y                           -       B->Y      F     sky130_fd_sc_hd__nand2_1       3   9.1    89    97    2741 
  CPU/g15564/X                          -       A1->X     F     sky130_fd_sc_hd__mux2_4        9  28.0    86   322    3063 
  CPU/alu_addinc_add_32_65_4_g2532/Y    -       A->Y      R     sky130_fd_sc_hd__nor2_1        2   5.7   137   147    3210 
  CPU/alu_addinc_add_32_65_4_g2437/Y    -       A1->Y     F     sky130_fd_sc_hd__o21ai_1       1   3.6    55    92    3302 
  CPU/g15784/COUT                       -       CI->COUT  F     sky130_fd_sc_hd__fah_1         2   8.4    83   278    3579 
  CPU/g15698/Y                          -       A1->Y     R     sky130_fd_sc_hd__a21boi_2      1   6.3   117   151    3730 
  CPU/g15782/COUT                       -       CIN->COUT F     sky130_fd_sc_hd__fahcin_1      1   3.5    86   105    3835 
  CPU/g15781/Y                          -       A->Y      R     sky130_fd_sc_hd__inv_1         1   6.3    67    86    3921 
  CPU/g15783/COUT                       -       CIN->COUT F     sky130_fd_sc_hd__fahcin_1      2   6.4   114   106    4027 
  CPU/g15768/X                          -       A1->X     F     sky130_fd_sc_hd__a21bo_1       2   7.1    54   210    4237 
  CPU/alu_addinc_add_32_65_4_g2411/Y    -       A->Y      R     sky130_fd_sc_hd__nand2_1       2   5.9    71    77    4314 
  CPU/g15767/X                          -       A2->X     R     sky130_fd_sc_hd__o21ba_2       1   6.3    55   137    4451 
  CPU/g15780/COUT                       -       CIN->COUT F     sky130_fd_sc_hd__fahcin_1      1   3.6    87    84    4535 
  CPU/alu_addinc_add_32_65_4_g2398/COUT -       CI->COUT  F     sky130_fd_sc_hd__fah_1         2   6.4    75   279    4814 
  CPU/alu_addinc_add_32_65_4_g2396/Y    -       A->Y      R     sky130_fd_sc_hd__nand2_1       1   3.7    54    72    4886 
  CPU/alu_addinc_add_32_65_4_g2394/Y    -       A->Y      F     sky130_fd_sc_hd__nand2_1       2   8.7    72    78    4963 
  CPU/alu_addinc_add_32_65_4_g2391/Y    -       A->Y      R     sky130_fd_sc_hd__nand2_1       1   3.7    54    71    5034 
  CPU/alu_addinc_add_32_65_4_g2389/Y    -       A->Y      F     sky130_fd_sc_hd__nand2_1       3   9.3    76    81    5115 
  CPU/alu_addinc_add_32_65_4_g2380/X    -       A1->X     F     sky130_fd_sc_hd__a31o_1        3  10.7    72   219    5334 
  CPU/alu_addinc_add_32_65_4_g2373/Y    -       A->Y      R     sky130_fd_sc_hd__nand2_1       1   5.9    73    85    5419 
  CPU/alu_addinc_add_32_65_4_g2371/Y    -       A->Y      F     sky130_fd_sc_hd__nand2_2       2  10.7    65    68    5488 
  CPU/alu_addinc_add_32_65_4_g2366/Y    -       A->Y      R     sky130_fd_sc_hd__nand2_2       2   9.0    68    78    5566 
  CPU/alu_addinc_add_32_65_4_g2362/Y    -       B->Y      F     sky130_fd_sc_hd__nor2_2        2   6.4    57    42    5608 
  CPU/alu_addinc_add_32_65_4_g2360/Y    -       A->Y      R     sky130_fd_sc_hd__nand2_1       1   5.9    73    78    5686 
  CPU/alu_addinc_add_32_65_4_g2356/Y    -       A->Y      F     sky130_fd_sc_hd__nand2_2       2   8.7    49    62    5749 
  CPU/alu_addinc_add_32_65_4_g2351/Y    -       A->Y      R     sky130_fd_sc_hd__nand2_1       1   3.7    54    61    5810 
  CPU/alu_addinc_add_32_65_4_g2349/Y    -       A->Y      F     sky130_fd_sc_hd__nand2_1       2   8.7    72    78    5888 
  CPU/alu_addinc_add_32_65_4_g2346/Y    -       A->Y      R     sky130_fd_sc_hd__nand2_1       1   3.7    54    71    5958 
  CPU/alu_addinc_add_32_65_4_g2344/Y    -       A->Y      F     sky130_fd_sc_hd__nand2_1       2   8.7    75    78    6036 
  CPU/g15766/X                          -       A1->X     F     sky130_fd_sc_hd__a21bo_1       1   5.8    49   188    6225 
  CPU/alu_addinc_add_32_65_4_g2339/Y    -       B->Y      F     sky130_fd_sc_hd__xnor2_1       2   6.6    84   140    6365 
  CPU/alu_g15349/X                      -       B->X      F     sky130_fd_sc_hd__maj3_1        1   3.1    68   337    6702 
  CPU/alu_g15214/X                      -       A0->X     F     sky130_fd_sc_hd__mux2_2        1   3.6    52   267    6969 
  CPU/alu_g15093/Y                      -       A->Y      R     sky130_fd_sc_hd__nand3_1       1  10.1   132   114    7083 
  CPU/alu_g14819/Y                      -       A->Y      F     sky130_fd_sc_hd__nand2_4      38  88.8   205   191    7274 
  CPU/HU_g2541/Y                        -       B->Y      R     sky130_fd_sc_hd__nand2b_1      1   3.8    83   138    7412 
  CPU/HU_g2510/Y                        -       B->Y      F     sky130_fd_sc_hd__nand4_1       1   3.5    83    95    7507 
  CPU/HU_g2500/Y                        -       C->Y      R     sky130_fd_sc_hd__nor3_1        1   3.8   177   159    7666 
  CPU/HU_g2499/Y                        -       B->Y      F     sky130_fd_sc_hd__nor2_1        4  13.0    86   112    7778 
  CPU/HU_g2498/Y                        -       B->Y      R     sky130_fd_sc_hd__nand2b_1      4  15.5   172   168    7946 
  CPU/g15563/Y                          -       D_N->Y    R     sky130_fd_sc_hd__nor4b_1       2   6.8   400   366    8312 
  CPU/pc_intr/g1360/X                   -       B->X      R     sky130_fd_sc_hd__or2_4        33 102.1   311   398    8709 
  CPU/pc_intr/g1359/Y                   -       A->Y      F     sky130_fd_sc_hd__inv_2         2   4.9    59    59    8768 
  CPU/pc_intr/g1357/X                   -       B->X      F     sky130_fd_sc_hd__and2b_1      32  87.3   402   456    9224 
  CPU/pc_intr/g1318/Y                   -       A2->Y     R     sky130_fd_sc_hd__a222oi_1      1   3.7   291   461    9685 
  CPU/pc_intr/g1302/Y                   -       A->Y      F     sky130_fd_sc_hd__inv_1         1   3.2    66    77    9761 
  CPU/pc_intr/pc4save_reg[4]/D          -       -         F     sky130_fd_sc_hd__dfrtp_1       1     -     -     0    9761 
#--------------------------------------------------------------------------------------------------------------------------



Path 8: MET (5 ps) Setup Check with Pin CPU/pc_intr/pc4save_reg[3]/CLK->D
     Startpoint: (R) CPU/AM/cs_reg[1]/CLK
          Clock: (R) clk
       Endpoint: (F) CPU/pc_intr/pc4save_reg[3]/D
          Clock: (R) clk

                     Capture       Launch     
        Clock Edge:+   10000            0     
       Src Latency:+       0            0     
       Net Latency:+       0 (I)        0 (I) 
           Arrival:=   10000            0     
                                              
             Setup:-     134                  
       Uncertainty:-     100                  
     Required Time:=    9766                  
      Launch Clock:-       0                  
         Data Path:-    9761                  
             Slack:=       5                  

#--------------------------------------------------------------------------------------------------------------------------
#             Timing Point              Flags     Arc     Edge           Cell             Fanout  Load Trans Delay Arrival 
#                                                                                                 (fF)  (ps)  (ps)   (ps)  
#--------------------------------------------------------------------------------------------------------------------------
  CPU/AM/cs_reg[1]/CLK                  -       -         R     (arrival)                   6872     -     0     -       0 
  CPU/AM/cs_reg[1]/Q                    -       CLK->Q    F     sky130_fd_sc_hd__dfrtp_1       2   8.5    66   368     368 
  CPU/AM/g3159/Y                        -       A_N->Y    F     sky130_fd_sc_hd__nand2b_4      3  10.5    48   155     523 
  CPU/AM/g1640/Y                        -       A->Y      R     sky130_fd_sc_hd__inv_2        14  42.4   197   166     689 
  CPU/AM/g1625/Y                        -       A->Y      F     sky130_fd_sc_hd__nand2_1       1   2.6    59    72     761 
  CPU/AM/g3164/X                        -       B1_N->X   R     sky130_fd_sc_hd__a21bo_2      10  27.8   158   280    1041 
  uart/apb_interface/g1536/Y            -       A->Y      F     sky130_fd_sc_hd__nor3_1        1   2.8    53    77    1118 
  uart/apb_interface/g1531/X            -       A->X      F     sky130_fd_sc_hd__and3_1        4   8.8    64   171    1289 
  uart/apb_interface/g1530/X            -       A->X      F     sky130_fd_sc_hd__and3_2        9  27.1    92   241    1530 
  uart/apb_interface/g1516/Y            -       A1->Y     R     sky130_fd_sc_hd__a22oi_2       1   3.7   130   167    1697 
  uart/apb_interface/g1508/Y            -       A->Y      F     sky130_fd_sc_hd__nand2_1       1   3.6    52    72    1769 
  CPU/AM/g3083/Y                        -       A->Y      R     sky130_fd_sc_hd__nand2_1       1   3.8    61    63    1832 
  CPU/AM/g3031/Y                        -       B->Y      F     sky130_fd_sc_hd__nand3_1       2   5.6    85    92    1923 
  CPU/g7342/Y                           -       A1->Y     R     sky130_fd_sc_hd__a21oi_1       2   9.9   244   234    2157 
  CPU/g7325/Y                           -       A->Y      F     sky130_fd_sc_hd__clkinv_2     33  77.7   304   323    2480 
  CPU/g4844/Y                           -       B->Y      R     sky130_fd_sc_hd__nand2_1       1   3.7    98   163    2643 
  CPU/g4785/Y                           -       B->Y      F     sky130_fd_sc_hd__nand2_1       3   9.1    89    97    2741 
  CPU/g15564/X                          -       A1->X     F     sky130_fd_sc_hd__mux2_4        9  28.0    86   322    3063 
  CPU/alu_addinc_add_32_65_4_g2532/Y    -       A->Y      R     sky130_fd_sc_hd__nor2_1        2   5.7   137   147    3210 
  CPU/alu_addinc_add_32_65_4_g2437/Y    -       A1->Y     F     sky130_fd_sc_hd__o21ai_1       1   3.6    55    92    3302 
  CPU/g15784/COUT                       -       CI->COUT  F     sky130_fd_sc_hd__fah_1         2   8.4    83   278    3579 
  CPU/g15698/Y                          -       A1->Y     R     sky130_fd_sc_hd__a21boi_2      1   6.3   117   151    3730 
  CPU/g15782/COUT                       -       CIN->COUT F     sky130_fd_sc_hd__fahcin_1      1   3.5    86   105    3835 
  CPU/g15781/Y                          -       A->Y      R     sky130_fd_sc_hd__inv_1         1   6.3    67    86    3921 
  CPU/g15783/COUT                       -       CIN->COUT F     sky130_fd_sc_hd__fahcin_1      2   6.4   114   106    4027 
  CPU/g15768/X                          -       A1->X     F     sky130_fd_sc_hd__a21bo_1       2   7.1    54   210    4237 
  CPU/alu_addinc_add_32_65_4_g2411/Y    -       A->Y      R     sky130_fd_sc_hd__nand2_1       2   5.9    71    77    4314 
  CPU/g15767/X                          -       A2->X     R     sky130_fd_sc_hd__o21ba_2       1   6.3    55   137    4451 
  CPU/g15780/COUT                       -       CIN->COUT F     sky130_fd_sc_hd__fahcin_1      1   3.6    87    84    4535 
  CPU/alu_addinc_add_32_65_4_g2398/COUT -       CI->COUT  F     sky130_fd_sc_hd__fah_1         2   6.4    75   279    4814 
  CPU/alu_addinc_add_32_65_4_g2396/Y    -       A->Y      R     sky130_fd_sc_hd__nand2_1       1   3.7    54    72    4886 
  CPU/alu_addinc_add_32_65_4_g2394/Y    -       A->Y      F     sky130_fd_sc_hd__nand2_1       2   8.7    72    78    4963 
  CPU/alu_addinc_add_32_65_4_g2391/Y    -       A->Y      R     sky130_fd_sc_hd__nand2_1       1   3.7    54    71    5034 
  CPU/alu_addinc_add_32_65_4_g2389/Y    -       A->Y      F     sky130_fd_sc_hd__nand2_1       3   9.3    76    81    5115 
  CPU/alu_addinc_add_32_65_4_g2380/X    -       A1->X     F     sky130_fd_sc_hd__a31o_1        3  10.7    72   219    5334 
  CPU/alu_addinc_add_32_65_4_g2373/Y    -       A->Y      R     sky130_fd_sc_hd__nand2_1       1   5.9    73    85    5419 
  CPU/alu_addinc_add_32_65_4_g2371/Y    -       A->Y      F     sky130_fd_sc_hd__nand2_2       2  10.7    65    68    5488 
  CPU/alu_addinc_add_32_65_4_g2366/Y    -       A->Y      R     sky130_fd_sc_hd__nand2_2       2   9.0    68    78    5566 
  CPU/alu_addinc_add_32_65_4_g2362/Y    -       B->Y      F     sky130_fd_sc_hd__nor2_2        2   6.4    57    42    5608 
  CPU/alu_addinc_add_32_65_4_g2360/Y    -       A->Y      R     sky130_fd_sc_hd__nand2_1       1   5.9    73    78    5686 
  CPU/alu_addinc_add_32_65_4_g2356/Y    -       A->Y      F     sky130_fd_sc_hd__nand2_2       2   8.7    49    62    5749 
  CPU/alu_addinc_add_32_65_4_g2351/Y    -       A->Y      R     sky130_fd_sc_hd__nand2_1       1   3.7    54    61    5810 
  CPU/alu_addinc_add_32_65_4_g2349/Y    -       A->Y      F     sky130_fd_sc_hd__nand2_1       2   8.7    72    78    5888 
  CPU/alu_addinc_add_32_65_4_g2346/Y    -       A->Y      R     sky130_fd_sc_hd__nand2_1       1   3.7    54    71    5958 
  CPU/alu_addinc_add_32_65_4_g2344/Y    -       A->Y      F     sky130_fd_sc_hd__nand2_1       2   8.7    75    78    6036 
  CPU/g15766/X                          -       A1->X     F     sky130_fd_sc_hd__a21bo_1       1   5.8    49   188    6225 
  CPU/alu_addinc_add_32_65_4_g2339/Y    -       B->Y      F     sky130_fd_sc_hd__xnor2_1       2   6.6    84   140    6365 
  CPU/alu_g15349/X                      -       B->X      F     sky130_fd_sc_hd__maj3_1        1   3.1    68   337    6702 
  CPU/alu_g15214/X                      -       A0->X     F     sky130_fd_sc_hd__mux2_2        1   3.6    52   267    6969 
  CPU/alu_g15093/Y                      -       A->Y      R     sky130_fd_sc_hd__nand3_1       1  10.1   132   114    7083 
  CPU/alu_g14819/Y                      -       A->Y      F     sky130_fd_sc_hd__nand2_4      38  88.8   205   191    7274 
  CPU/HU_g2541/Y                        -       B->Y      R     sky130_fd_sc_hd__nand2b_1      1   3.8    83   138    7412 
  CPU/HU_g2510/Y                        -       B->Y      F     sky130_fd_sc_hd__nand4_1       1   3.5    83    95    7507 
  CPU/HU_g2500/Y                        -       C->Y      R     sky130_fd_sc_hd__nor3_1        1   3.8   177   159    7666 
  CPU/HU_g2499/Y                        -       B->Y      F     sky130_fd_sc_hd__nor2_1        4  13.0    86   112    7778 
  CPU/HU_g2498/Y                        -       B->Y      R     sky130_fd_sc_hd__nand2b_1      4  15.5   172   168    7946 
  CPU/g15563/Y                          -       D_N->Y    R     sky130_fd_sc_hd__nor4b_1       2   6.8   400   366    8312 
  CPU/pc_intr/g1360/X                   -       B->X      R     sky130_fd_sc_hd__or2_4        33 102.1   311   398    8709 
  CPU/pc_intr/g1359/Y                   -       A->Y      F     sky130_fd_sc_hd__inv_2         2   4.9    59    59    8768 
  CPU/pc_intr/g1357/X                   -       B->X      F     sky130_fd_sc_hd__and2b_1      32  87.3   402   456    9224 
  CPU/pc_intr/g1317/Y                   -       A2->Y     R     sky130_fd_sc_hd__a222oi_1      1   3.7   291   461    9685 
  CPU/pc_intr/g1301/Y                   -       A->Y      F     sky130_fd_sc_hd__inv_1         1   3.2    66    77    9761 
  CPU/pc_intr/pc4save_reg[3]/D          -       -         F     sky130_fd_sc_hd__dfrtp_1       1     -     -     0    9761 
#--------------------------------------------------------------------------------------------------------------------------



Path 9: MET (5 ps) Setup Check with Pin CPU/pc_intr/pc4save_reg[31]/CLK->D
     Startpoint: (R) CPU/AM/cs_reg[1]/CLK
          Clock: (R) clk
       Endpoint: (F) CPU/pc_intr/pc4save_reg[31]/D
          Clock: (R) clk

                     Capture       Launch     
        Clock Edge:+   10000            0     
       Src Latency:+       0            0     
       Net Latency:+       0 (I)        0 (I) 
           Arrival:=   10000            0     
                                              
             Setup:-     134                  
       Uncertainty:-     100                  
     Required Time:=    9766                  
      Launch Clock:-       0                  
         Data Path:-    9761                  
             Slack:=       5                  

#--------------------------------------------------------------------------------------------------------------------------
#             Timing Point              Flags     Arc     Edge           Cell             Fanout  Load Trans Delay Arrival 
#                                                                                                 (fF)  (ps)  (ps)   (ps)  
#--------------------------------------------------------------------------------------------------------------------------
  CPU/AM/cs_reg[1]/CLK                  -       -         R     (arrival)                   6872     -     0     -       0 
  CPU/AM/cs_reg[1]/Q                    -       CLK->Q    F     sky130_fd_sc_hd__dfrtp_1       2   8.5    66   368     368 
  CPU/AM/g3159/Y                        -       A_N->Y    F     sky130_fd_sc_hd__nand2b_4      3  10.5    48   155     523 
  CPU/AM/g1640/Y                        -       A->Y      R     sky130_fd_sc_hd__inv_2        14  42.4   197   166     689 
  CPU/AM/g1625/Y                        -       A->Y      F     sky130_fd_sc_hd__nand2_1       1   2.6    59    72     761 
  CPU/AM/g3164/X                        -       B1_N->X   R     sky130_fd_sc_hd__a21bo_2      10  27.8   158   280    1041 
  uart/apb_interface/g1536/Y            -       A->Y      F     sky130_fd_sc_hd__nor3_1        1   2.8    53    77    1118 
  uart/apb_interface/g1531/X            -       A->X      F     sky130_fd_sc_hd__and3_1        4   8.8    64   171    1289 
  uart/apb_interface/g1530/X            -       A->X      F     sky130_fd_sc_hd__and3_2        9  27.1    92   241    1530 
  uart/apb_interface/g1516/Y            -       A1->Y     R     sky130_fd_sc_hd__a22oi_2       1   3.7   130   167    1697 
  uart/apb_interface/g1508/Y            -       A->Y      F     sky130_fd_sc_hd__nand2_1       1   3.6    52    72    1769 
  CPU/AM/g3083/Y                        -       A->Y      R     sky130_fd_sc_hd__nand2_1       1   3.8    61    63    1832 
  CPU/AM/g3031/Y                        -       B->Y      F     sky130_fd_sc_hd__nand3_1       2   5.6    85    92    1923 
  CPU/g7342/Y                           -       A1->Y     R     sky130_fd_sc_hd__a21oi_1       2   9.9   244   234    2157 
  CPU/g7325/Y                           -       A->Y      F     sky130_fd_sc_hd__clkinv_2     33  77.7   304   323    2480 
  CPU/g4844/Y                           -       B->Y      R     sky130_fd_sc_hd__nand2_1       1   3.7    98   163    2643 
  CPU/g4785/Y                           -       B->Y      F     sky130_fd_sc_hd__nand2_1       3   9.1    89    97    2741 
  CPU/g15564/X                          -       A1->X     F     sky130_fd_sc_hd__mux2_4        9  28.0    86   322    3063 
  CPU/alu_addinc_add_32_65_4_g2532/Y    -       A->Y      R     sky130_fd_sc_hd__nor2_1        2   5.7   137   147    3210 
  CPU/alu_addinc_add_32_65_4_g2437/Y    -       A1->Y     F     sky130_fd_sc_hd__o21ai_1       1   3.6    55    92    3302 
  CPU/g15784/COUT                       -       CI->COUT  F     sky130_fd_sc_hd__fah_1         2   8.4    83   278    3579 
  CPU/g15698/Y                          -       A1->Y     R     sky130_fd_sc_hd__a21boi_2      1   6.3   117   151    3730 
  CPU/g15782/COUT                       -       CIN->COUT F     sky130_fd_sc_hd__fahcin_1      1   3.5    86   105    3835 
  CPU/g15781/Y                          -       A->Y      R     sky130_fd_sc_hd__inv_1         1   6.3    67    86    3921 
  CPU/g15783/COUT                       -       CIN->COUT F     sky130_fd_sc_hd__fahcin_1      2   6.4   114   106    4027 
  CPU/g15768/X                          -       A1->X     F     sky130_fd_sc_hd__a21bo_1       2   7.1    54   210    4237 
  CPU/alu_addinc_add_32_65_4_g2411/Y    -       A->Y      R     sky130_fd_sc_hd__nand2_1       2   5.9    71    77    4314 
  CPU/g15767/X                          -       A2->X     R     sky130_fd_sc_hd__o21ba_2       1   6.3    55   137    4451 
  CPU/g15780/COUT                       -       CIN->COUT F     sky130_fd_sc_hd__fahcin_1      1   3.6    87    84    4535 
  CPU/alu_addinc_add_32_65_4_g2398/COUT -       CI->COUT  F     sky130_fd_sc_hd__fah_1         2   6.4    75   279    4814 
  CPU/alu_addinc_add_32_65_4_g2396/Y    -       A->Y      R     sky130_fd_sc_hd__nand2_1       1   3.7    54    72    4886 
  CPU/alu_addinc_add_32_65_4_g2394/Y    -       A->Y      F     sky130_fd_sc_hd__nand2_1       2   8.7    72    78    4963 
  CPU/alu_addinc_add_32_65_4_g2391/Y    -       A->Y      R     sky130_fd_sc_hd__nand2_1       1   3.7    54    71    5034 
  CPU/alu_addinc_add_32_65_4_g2389/Y    -       A->Y      F     sky130_fd_sc_hd__nand2_1       3   9.3    76    81    5115 
  CPU/alu_addinc_add_32_65_4_g2380/X    -       A1->X     F     sky130_fd_sc_hd__a31o_1        3  10.7    72   219    5334 
  CPU/alu_addinc_add_32_65_4_g2373/Y    -       A->Y      R     sky130_fd_sc_hd__nand2_1       1   5.9    73    85    5419 
  CPU/alu_addinc_add_32_65_4_g2371/Y    -       A->Y      F     sky130_fd_sc_hd__nand2_2       2  10.7    65    68    5488 
  CPU/alu_addinc_add_32_65_4_g2366/Y    -       A->Y      R     sky130_fd_sc_hd__nand2_2       2   9.0    68    78    5566 
  CPU/alu_addinc_add_32_65_4_g2362/Y    -       B->Y      F     sky130_fd_sc_hd__nor2_2        2   6.4    57    42    5608 
  CPU/alu_addinc_add_32_65_4_g2360/Y    -       A->Y      R     sky130_fd_sc_hd__nand2_1       1   5.9    73    78    5686 
  CPU/alu_addinc_add_32_65_4_g2356/Y    -       A->Y      F     sky130_fd_sc_hd__nand2_2       2   8.7    49    62    5749 
  CPU/alu_addinc_add_32_65_4_g2351/Y    -       A->Y      R     sky130_fd_sc_hd__nand2_1       1   3.7    54    61    5810 
  CPU/alu_addinc_add_32_65_4_g2349/Y    -       A->Y      F     sky130_fd_sc_hd__nand2_1       2   8.7    72    78    5888 
  CPU/alu_addinc_add_32_65_4_g2346/Y    -       A->Y      R     sky130_fd_sc_hd__nand2_1       1   3.7    54    71    5958 
  CPU/alu_addinc_add_32_65_4_g2344/Y    -       A->Y      F     sky130_fd_sc_hd__nand2_1       2   8.7    75    78    6036 
  CPU/g15766/X                          -       A1->X     F     sky130_fd_sc_hd__a21bo_1       1   5.8    49   188    6225 
  CPU/alu_addinc_add_32_65_4_g2339/Y    -       B->Y      F     sky130_fd_sc_hd__xnor2_1       2   6.6    84   140    6365 
  CPU/alu_g15349/X                      -       B->X      F     sky130_fd_sc_hd__maj3_1        1   3.1    68   337    6702 
  CPU/alu_g15214/X                      -       A0->X     F     sky130_fd_sc_hd__mux2_2        1   3.6    52   267    6969 
  CPU/alu_g15093/Y                      -       A->Y      R     sky130_fd_sc_hd__nand3_1       1  10.1   132   114    7083 
  CPU/alu_g14819/Y                      -       A->Y      F     sky130_fd_sc_hd__nand2_4      38  88.8   205   191    7274 
  CPU/HU_g2541/Y                        -       B->Y      R     sky130_fd_sc_hd__nand2b_1      1   3.8    83   138    7412 
  CPU/HU_g2510/Y                        -       B->Y      F     sky130_fd_sc_hd__nand4_1       1   3.5    83    95    7507 
  CPU/HU_g2500/Y                        -       C->Y      R     sky130_fd_sc_hd__nor3_1        1   3.8   177   159    7666 
  CPU/HU_g2499/Y                        -       B->Y      F     sky130_fd_sc_hd__nor2_1        4  13.0    86   112    7778 
  CPU/HU_g2498/Y                        -       B->Y      R     sky130_fd_sc_hd__nand2b_1      4  15.5   172   168    7946 
  CPU/g15563/Y                          -       D_N->Y    R     sky130_fd_sc_hd__nor4b_1       2   6.8   400   366    8312 
  CPU/pc_intr/g1360/X                   -       B->X      R     sky130_fd_sc_hd__or2_4        33 102.1   311   398    8709 
  CPU/pc_intr/g1359/Y                   -       A->Y      F     sky130_fd_sc_hd__inv_2         2   4.9    59    59    8768 
  CPU/pc_intr/g1357/X                   -       B->X      F     sky130_fd_sc_hd__and2b_1      32  87.3   402   456    9224 
  CPU/pc_intr/g1316/Y                   -       A2->Y     R     sky130_fd_sc_hd__a222oi_1      1   3.7   291   461    9685 
  CPU/pc_intr/g1300/Y                   -       A->Y      F     sky130_fd_sc_hd__inv_1         1   3.2    66    77    9761 
  CPU/pc_intr/pc4save_reg[31]/D         -       -         F     sky130_fd_sc_hd__dfrtp_1       1     -     -     0    9761 
#--------------------------------------------------------------------------------------------------------------------------



Path 10: MET (5 ps) Setup Check with Pin CPU/pc_intr/pc4save_reg[30]/CLK->D
     Startpoint: (R) CPU/AM/cs_reg[1]/CLK
          Clock: (R) clk
       Endpoint: (F) CPU/pc_intr/pc4save_reg[30]/D
          Clock: (R) clk

                     Capture       Launch     
        Clock Edge:+   10000            0     
       Src Latency:+       0            0     
       Net Latency:+       0 (I)        0 (I) 
           Arrival:=   10000            0     
                                              
             Setup:-     134                  
       Uncertainty:-     100                  
     Required Time:=    9766                  
      Launch Clock:-       0                  
         Data Path:-    9761                  
             Slack:=       5                  

#--------------------------------------------------------------------------------------------------------------------------
#             Timing Point              Flags     Arc     Edge           Cell             Fanout  Load Trans Delay Arrival 
#                                                                                                 (fF)  (ps)  (ps)   (ps)  
#--------------------------------------------------------------------------------------------------------------------------
  CPU/AM/cs_reg[1]/CLK                  -       -         R     (arrival)                   6872     -     0     -       0 
  CPU/AM/cs_reg[1]/Q                    -       CLK->Q    F     sky130_fd_sc_hd__dfrtp_1       2   8.5    66   368     368 
  CPU/AM/g3159/Y                        -       A_N->Y    F     sky130_fd_sc_hd__nand2b_4      3  10.5    48   155     523 
  CPU/AM/g1640/Y                        -       A->Y      R     sky130_fd_sc_hd__inv_2        14  42.4   197   166     689 
  CPU/AM/g1625/Y                        -       A->Y      F     sky130_fd_sc_hd__nand2_1       1   2.6    59    72     761 
  CPU/AM/g3164/X                        -       B1_N->X   R     sky130_fd_sc_hd__a21bo_2      10  27.8   158   280    1041 
  uart/apb_interface/g1536/Y            -       A->Y      F     sky130_fd_sc_hd__nor3_1        1   2.8    53    77    1118 
  uart/apb_interface/g1531/X            -       A->X      F     sky130_fd_sc_hd__and3_1        4   8.8    64   171    1289 
  uart/apb_interface/g1530/X            -       A->X      F     sky130_fd_sc_hd__and3_2        9  27.1    92   241    1530 
  uart/apb_interface/g1516/Y            -       A1->Y     R     sky130_fd_sc_hd__a22oi_2       1   3.7   130   167    1697 
  uart/apb_interface/g1508/Y            -       A->Y      F     sky130_fd_sc_hd__nand2_1       1   3.6    52    72    1769 
  CPU/AM/g3083/Y                        -       A->Y      R     sky130_fd_sc_hd__nand2_1       1   3.8    61    63    1832 
  CPU/AM/g3031/Y                        -       B->Y      F     sky130_fd_sc_hd__nand3_1       2   5.6    85    92    1923 
  CPU/g7342/Y                           -       A1->Y     R     sky130_fd_sc_hd__a21oi_1       2   9.9   244   234    2157 
  CPU/g7325/Y                           -       A->Y      F     sky130_fd_sc_hd__clkinv_2     33  77.7   304   323    2480 
  CPU/g4844/Y                           -       B->Y      R     sky130_fd_sc_hd__nand2_1       1   3.7    98   163    2643 
  CPU/g4785/Y                           -       B->Y      F     sky130_fd_sc_hd__nand2_1       3   9.1    89    97    2741 
  CPU/g15564/X                          -       A1->X     F     sky130_fd_sc_hd__mux2_4        9  28.0    86   322    3063 
  CPU/alu_addinc_add_32_65_4_g2532/Y    -       A->Y      R     sky130_fd_sc_hd__nor2_1        2   5.7   137   147    3210 
  CPU/alu_addinc_add_32_65_4_g2437/Y    -       A1->Y     F     sky130_fd_sc_hd__o21ai_1       1   3.6    55    92    3302 
  CPU/g15784/COUT                       -       CI->COUT  F     sky130_fd_sc_hd__fah_1         2   8.4    83   278    3579 
  CPU/g15698/Y                          -       A1->Y     R     sky130_fd_sc_hd__a21boi_2      1   6.3   117   151    3730 
  CPU/g15782/COUT                       -       CIN->COUT F     sky130_fd_sc_hd__fahcin_1      1   3.5    86   105    3835 
  CPU/g15781/Y                          -       A->Y      R     sky130_fd_sc_hd__inv_1         1   6.3    67    86    3921 
  CPU/g15783/COUT                       -       CIN->COUT F     sky130_fd_sc_hd__fahcin_1      2   6.4   114   106    4027 
  CPU/g15768/X                          -       A1->X     F     sky130_fd_sc_hd__a21bo_1       2   7.1    54   210    4237 
  CPU/alu_addinc_add_32_65_4_g2411/Y    -       A->Y      R     sky130_fd_sc_hd__nand2_1       2   5.9    71    77    4314 
  CPU/g15767/X                          -       A2->X     R     sky130_fd_sc_hd__o21ba_2       1   6.3    55   137    4451 
  CPU/g15780/COUT                       -       CIN->COUT F     sky130_fd_sc_hd__fahcin_1      1   3.6    87    84    4535 
  CPU/alu_addinc_add_32_65_4_g2398/COUT -       CI->COUT  F     sky130_fd_sc_hd__fah_1         2   6.4    75   279    4814 
  CPU/alu_addinc_add_32_65_4_g2396/Y    -       A->Y      R     sky130_fd_sc_hd__nand2_1       1   3.7    54    72    4886 
  CPU/alu_addinc_add_32_65_4_g2394/Y    -       A->Y      F     sky130_fd_sc_hd__nand2_1       2   8.7    72    78    4963 
  CPU/alu_addinc_add_32_65_4_g2391/Y    -       A->Y      R     sky130_fd_sc_hd__nand2_1       1   3.7    54    71    5034 
  CPU/alu_addinc_add_32_65_4_g2389/Y    -       A->Y      F     sky130_fd_sc_hd__nand2_1       3   9.3    76    81    5115 
  CPU/alu_addinc_add_32_65_4_g2380/X    -       A1->X     F     sky130_fd_sc_hd__a31o_1        3  10.7    72   219    5334 
  CPU/alu_addinc_add_32_65_4_g2373/Y    -       A->Y      R     sky130_fd_sc_hd__nand2_1       1   5.9    73    85    5419 
  CPU/alu_addinc_add_32_65_4_g2371/Y    -       A->Y      F     sky130_fd_sc_hd__nand2_2       2  10.7    65    68    5488 
  CPU/alu_addinc_add_32_65_4_g2366/Y    -       A->Y      R     sky130_fd_sc_hd__nand2_2       2   9.0    68    78    5566 
  CPU/alu_addinc_add_32_65_4_g2362/Y    -       B->Y      F     sky130_fd_sc_hd__nor2_2        2   6.4    57    42    5608 
  CPU/alu_addinc_add_32_65_4_g2360/Y    -       A->Y      R     sky130_fd_sc_hd__nand2_1       1   5.9    73    78    5686 
  CPU/alu_addinc_add_32_65_4_g2356/Y    -       A->Y      F     sky130_fd_sc_hd__nand2_2       2   8.7    49    62    5749 
  CPU/alu_addinc_add_32_65_4_g2351/Y    -       A->Y      R     sky130_fd_sc_hd__nand2_1       1   3.7    54    61    5810 
  CPU/alu_addinc_add_32_65_4_g2349/Y    -       A->Y      F     sky130_fd_sc_hd__nand2_1       2   8.7    72    78    5888 
  CPU/alu_addinc_add_32_65_4_g2346/Y    -       A->Y      R     sky130_fd_sc_hd__nand2_1       1   3.7    54    71    5958 
  CPU/alu_addinc_add_32_65_4_g2344/Y    -       A->Y      F     sky130_fd_sc_hd__nand2_1       2   8.7    75    78    6036 
  CPU/g15766/X                          -       A1->X     F     sky130_fd_sc_hd__a21bo_1       1   5.8    49   188    6225 
  CPU/alu_addinc_add_32_65_4_g2339/Y    -       B->Y      F     sky130_fd_sc_hd__xnor2_1       2   6.6    84   140    6365 
  CPU/alu_g15349/X                      -       B->X      F     sky130_fd_sc_hd__maj3_1        1   3.1    68   337    6702 
  CPU/alu_g15214/X                      -       A0->X     F     sky130_fd_sc_hd__mux2_2        1   3.6    52   267    6969 
  CPU/alu_g15093/Y                      -       A->Y      R     sky130_fd_sc_hd__nand3_1       1  10.1   132   114    7083 
  CPU/alu_g14819/Y                      -       A->Y      F     sky130_fd_sc_hd__nand2_4      38  88.8   205   191    7274 
  CPU/HU_g2541/Y                        -       B->Y      R     sky130_fd_sc_hd__nand2b_1      1   3.8    83   138    7412 
  CPU/HU_g2510/Y                        -       B->Y      F     sky130_fd_sc_hd__nand4_1       1   3.5    83    95    7507 
  CPU/HU_g2500/Y                        -       C->Y      R     sky130_fd_sc_hd__nor3_1        1   3.8   177   159    7666 
  CPU/HU_g2499/Y                        -       B->Y      F     sky130_fd_sc_hd__nor2_1        4  13.0    86   112    7778 
  CPU/HU_g2498/Y                        -       B->Y      R     sky130_fd_sc_hd__nand2b_1      4  15.5   172   168    7946 
  CPU/g15563/Y                          -       D_N->Y    R     sky130_fd_sc_hd__nor4b_1       2   6.8   400   366    8312 
  CPU/pc_intr/g1360/X                   -       B->X      R     sky130_fd_sc_hd__or2_4        33 102.1   311   398    8709 
  CPU/pc_intr/g1359/Y                   -       A->Y      F     sky130_fd_sc_hd__inv_2         2   4.9    59    59    8768 
  CPU/pc_intr/g1357/X                   -       B->X      F     sky130_fd_sc_hd__and2b_1      32  87.3   402   456    9224 
  CPU/pc_intr/g1315/Y                   -       A2->Y     R     sky130_fd_sc_hd__a222oi_1      1   3.7   291   461    9685 
  CPU/pc_intr/g1299/Y                   -       A->Y      F     sky130_fd_sc_hd__inv_1         1   3.2    66    77    9761 
  CPU/pc_intr/pc4save_reg[30]/D         -       -         F     sky130_fd_sc_hd__dfrtp_1       1     -     -     0    9761 
#--------------------------------------------------------------------------------------------------------------------------

